(---------------------------------------------------------------------)
(                                                                     )
(    ARTWORK LOG                                                      )
(                                                                     )
(    Drawing          : AVRUSB500_0729.brd                            )
(    Software Version : 17.2P019                                      )
(    Date/Time        : Mon Jul 29 16:18:17 2019                      )
(                                                                     )
(---------------------------------------------------------------------)


 ---- Photoplot outline rectangle not found; using drawing extents.



Results from parameter file ...
    DEVICE-TYPE           GERBER_RS274X
    OUTPUT-UNITS          MM
    FILM-SIZE             2400000 1600000
    FORMAT                5.5
    ABORT-ON-ERROR        NO
    SCALE                 1
    SUPPRESS-LEAD-ZEROES  YES
    SUPPRESS-TRAIL-ZEROES NO
    SUPPRESS-EQUAL        YES
    UNDEF-APT-CONT        NO



================================================================
     PROCESSING FILM < AutoSilkT >
     TO FILE < C:/Users/user/Desktop/신성욱 교수님/exam/avrusb500/allegro/gerber/AutoSilkT.art > ...
================================================================

  FILM PARAMETERS :
  ---------------------------------------------------------
  Undefined line width                0.0000
  Mirror code                         NONE
  Rotate angle                        NONE
  Offset x:                           0.0000
  Offset y:                           0.0000
  Plot negative                       NO
  Suppress unconnected internal pads  NO
  Draw holes only                     NO

    WARNING: text composed 0 width line found at (372.3776 228.2328)
           ... ignored.

    WARNING: text having Multiple 0 width lines; all will be treated the same as the first.
           ... ignored.



  APERTURES USED:
  ---------------------------------------------------------
  TYPE       SIZE/NAME                   ROT   MIRROR MODE 
  ---------------------------------------------------------
  CIRCLE     0.15240                                  DARK 
  CIRCLE     0.20300                                  DARK 
  CIRCLE     0.25400                                  DARK 

     AutoSilkT created with warnings


================================================================
     PROCESSING FILM < AutoSilkB >
     TO FILE < C:/Users/user/Desktop/신성욱 교수님/exam/avrusb500/allegro/gerber/AutoSilkB.art > ...
================================================================

  FILM PARAMETERS :
  ---------------------------------------------------------
  Undefined line width                0.0000
  Mirror code                         NONE
  Rotate angle                        NONE
  Offset x:                           0.0000
  Offset y:                           0.0000
  Plot negative                       NO
  Suppress unconnected internal pads  NO
  Draw holes only                     NO



  APERTURES USED:
  ---------------------------------------------------------
  TYPE       SIZE/NAME                   ROT   MIRROR MODE 
  ---------------------------------------------------------
  CIRCLE     0.15240                                  DARK 
  CIRCLE     0.20300                                  DARK 
  CIRCLE     0.25400                                  DARK 

     AutoSilkB created.


================================================================
     PROCESSING FILM < MetalB >
     TO FILE < C:/Users/user/Desktop/신성욱 교수님/exam/avrusb500/allegro/gerber/MetalB.art > ...
================================================================

  FILM PARAMETERS :
  ---------------------------------------------------------
  Undefined line width                0.0000
  Suppress shape fill on neg film     NO
  Mirror code                         NONE
  Rotate angle                        NONE
  Offset x:                           0.0000
  Offset y:                           0.0000
  Plot negative                       NO
  Suppress unconnected internal pads  NO
  Draw holes only                     NO



  APERTURES USED:  NONE
     MetalB created.


================================================================
     PROCESSING FILM < MetalT >
     TO FILE < C:/Users/user/Desktop/신성욱 교수님/exam/avrusb500/allegro/gerber/MetalT.art > ...
================================================================

  FILM PARAMETERS :
  ---------------------------------------------------------
  Undefined line width                0.0000
  Suppress shape fill on neg film     NO
  Mirror code                         NONE
  Rotate angle                        NONE
  Offset x:                           0.0000
  Offset y:                           0.0000
  Plot negative                       NO
  Suppress unconnected internal pads  NO
  Draw holes only                     NO



  APERTURES USED:
  ---------------------------------------------------------
  TYPE       SIZE/NAME                   ROT   MIRROR MODE 
  ---------------------------------------------------------
  RECTANGLE  0.40000     x 1.70000      90.000 NO     DARK 
  RECTANGLE  1.10010     x 1.70000      90.000 NO     DARK 
  RECTANGLE  1.77800     x 0.45690       0.000 NO     DARK 
  RECTANGLE  1.77800     x 0.45690      90.000 NO     DARK 
  RECTANGLE  2.84480     x 1.49860       0.000 NO     DARK 
  RECTANGLE  2.84480     x 1.49860      90.000 NO     DARK 
  OBLONG     1.77800     x 0.45690       0.000 NO     DARK 
  OBLONG     1.77800     x 0.45690      90.000 NO     DARK 

     MetalT created.


================================================================
     PROCESSING FILM < SolderB >
     TO FILE < C:/Users/user/Desktop/신성욱 교수님/exam/avrusb500/allegro/gerber/SolderB.art > ...
================================================================

  FILM PARAMETERS :
  ---------------------------------------------------------
  Undefined line width                0.0000
  Suppress shape fill on neg film     NO
  Mirror code                         NONE
  Rotate angle                        NONE
  Offset x:                           0.0000
  Offset y:                           0.0000
  Plot negative                       NO
  Suppress unconnected internal pads  NO
  Draw holes only                     NO



  APERTURES USED:
  ---------------------------------------------------------
  TYPE       SIZE/NAME                   ROT   MIRROR MODE 
  ---------------------------------------------------------
  CIRCLE     1.11810                                  DARK 
  CIRCLE     1.32110                                  DARK 
  CIRCLE     1.57510                                  DARK 
  CIRCLE     3.68300                                  DARK 
  SQUARE     1.32110                     0.000 NO     DARK 
  SQUARE     1.57510                     0.000 NO     DARK 
  OBLONG     1.19990     x 1.89990      90.000 NO     DARK 

     SolderB created.


================================================================
     PROCESSING FILM < SolderT >
     TO FILE < C:/Users/user/Desktop/신성욱 교수님/exam/avrusb500/allegro/gerber/SolderT.art > ...
================================================================

  FILM PARAMETERS :
  ---------------------------------------------------------
  Undefined line width                0.0000
  Suppress shape fill on neg film     NO
  Mirror code                         NONE
  Rotate angle                        NONE
  Offset x:                           0.0000
  Offset y:                           0.0000
  Plot negative                       NO
  Suppress unconnected internal pads  NO
  Draw holes only                     NO



  APERTURES USED:
  ---------------------------------------------------------
  TYPE       SIZE/NAME                   ROT   MIRROR MODE 
  ---------------------------------------------------------
  CIRCLE     1.11810                                  DARK 
  CIRCLE     1.32110                                  DARK 
  CIRCLE     1.57510                                  DARK 
  CIRCLE     3.68300                                  DARK 
  SQUARE     1.32110                     0.000 NO     DARK 
  SQUARE     1.57510                     0.000 NO     DARK 
  RECTANGLE  0.40000     x 1.70000      90.000 NO     DARK 
  RECTANGLE  1.10010     x 1.70000      90.000 NO     DARK 
  RECTANGLE  1.77800     x 0.45690       0.000 NO     DARK 
  RECTANGLE  1.77800     x 0.45690      90.000 NO     DARK 
  RECTANGLE  2.84480     x 1.49860       0.000 NO     DARK 
  RECTANGLE  2.84480     x 1.49860      90.000 NO     DARK 
  OBLONG     1.19990     x 1.89990      90.000 NO     DARK 
  OBLONG     1.77800     x 0.45690       0.000 NO     DARK 
  OBLONG     1.77800     x 0.45690      90.000 NO     DARK 

     SolderT created.


================================================================
     PROCESSING FILM < SilkB >
     TO FILE < C:/Users/user/Desktop/신성욱 교수님/exam/avrusb500/allegro/gerber/SilkB.art > ...
================================================================

  FILM PARAMETERS :
  ---------------------------------------------------------
  Undefined line width                0.2000
  Suppress shape fill on neg film     NO
  Mirror code                         NONE
  Rotate angle                        NONE
  Offset x:                           0.0000
  Offset y:                           0.0000
  Plot negative                       NO
  Suppress unconnected internal pads  NO
  Draw holes only                     NO



  APERTURES USED:
  ---------------------------------------------------------
  TYPE       SIZE/NAME                   ROT   MIRROR MODE 
  ---------------------------------------------------------
  CIRCLE     0.15240                                  DARK 
  CIRCLE     0.20000                                  DARK 
  CIRCLE     0.20300                                  DARK 
  CIRCLE     0.25400                                  DARK 

     SilkB created.


================================================================
     PROCESSING FILM < SilkT >
     TO FILE < C:/Users/user/Desktop/신성욱 교수님/exam/avrusb500/allegro/gerber/SilkT.art > ...
================================================================

  FILM PARAMETERS :
  ---------------------------------------------------------
  Undefined line width                0.2000
  Suppress shape fill on neg film     NO
  Mirror code                         NONE
  Rotate angle                        NONE
  Offset x:                           0.0000
  Offset y:                           0.0000
  Plot negative                       NO
  Suppress unconnected internal pads  NO
  Draw holes only                     NO



  APERTURES USED:
  ---------------------------------------------------------
  TYPE       SIZE/NAME                   ROT   MIRROR MODE 
  ---------------------------------------------------------
  CIRCLE     0.15240                                  DARK 
  CIRCLE     0.20000                                  DARK 
  CIRCLE     0.20300                                  DARK 
  CIRCLE     0.25400                                  DARK 

     SilkT created.


================================================================
     PROCESSING FILM < Design >
     TO FILE < C:/Users/user/Desktop/신성욱 교수님/exam/avrusb500/allegro/gerber/Design.art > ...
================================================================

  FILM PARAMETERS :
  ---------------------------------------------------------
  Undefined line width                0.0000
  Suppress shape fill on neg film     NO
  Mirror code                         NONE
  Rotate angle                        NONE
  Offset x:                           0.0000
  Offset y:                           0.0000
  Plot negative                       NO
  Suppress unconnected internal pads  NO
  Draw holes only                     NO

    WARNING: Film contains layer VIA KEEPOUT/ALL that should not normally be used etch (conductor) layers.
    WARNING: Film contains layer VIA KEEPOUT/BOTTOM that should not normally be used etch (conductor) layers.
    WARNING: Film contains layer VIA KEEPOUT/TOP that should not normally be used etch (conductor) layers.
    WARNING: Film contains layer ROUTE KEEPOUT/BOTTOM that should not normally be used etch (conductor) layers.
    WARNING: Film contains layer ROUTE KEEPOUT/TOP that should not normally be used etch (conductor) layers.
    WARNING: Film contains layer ROUTE KEEPIN/ALL that should not normally be used etch (conductor) layers.
    WARNING: Film contains layer PACKAGE KEEPOUT/ALL that should not normally be used etch (conductor) layers.
    WARNING: Film contains layer PACKAGE KEEPOUT/TOP that should not normally be used etch (conductor) layers.
    WARNING: Film contains layer PACKAGE KEEPOUT/BOTTOM that should not normally be used etch (conductor) layers.
    WARNING: Film contains layer PACKAGE KEEPIN/ALL that should not normally be used etch (conductor) layers.
           
    WARNING: more than one pin class in film record
    WARNING: more than one via class in film record
    WARNING: more than one etch class in film record
    WARNING: Null REGULAR-PAD specified for padstack PAD125 at (374.0000 221.5000).
    WARNING: Null REGULAR-PAD specified for padstack PAD125 at (374.0000 221.5000).
    WARNING: Null REGULAR-PAD specified for padstack PAD125 at (374.0000 221.5000).
    WARNING: Null REGULAR-PAD specified for padstack PAD125 at (374.0000 221.5000).
    WARNING: Null REGULAR-PAD specified for padstack SM_LLB_PAD22_1 at (373.8000 232.5000).
    WARNING: Null REGULAR-PAD specified for padstack SM_LLB_PAD22_1 at (373.8000 232.5000).
    WARNING: Null REGULAR-PAD specified for padstack SM_LLB_PAD22_1 at (373.8000 232.5000).
    WARNING: Null REGULAR-PAD specified for padstack SM_LLB_PAD22_1 at (373.8000 232.5000).
    WARNING: Null REGULAR-PAD specified for padstack SM_LLB_PAD22_1 at (373.8000 232.5000).
    WARNING: Null REGULAR-PAD specified for padstack SM_LLB_PAD23_1 at (378.0672 232.5000).
    WARNING: Null REGULAR-PAD specified for padstack SM_LLB_PAD23_1 at (378.0672 232.5000).
    WARNING: Null REGULAR-PAD specified for padstack SM_LLB_PAD23_1 at (378.0672 232.5000).
    WARNING: Null REGULAR-PAD specified for padstack SM_LLB_PAD23_1 at (378.0672 232.5000).
    WARNING: Null REGULAR-PAD specified for padstack SM_LLB_PAD23_1 at (378.0672 232.5000).
    WARNING: Null REGULAR-PAD specified for padstack BCON100T_LLB_PAD4 at (373.3800 240.6650).
    WARNING: Null REGULAR-PAD specified for padstack BCON100T_LLB_PAD4 at (373.3800 240.6650).
    WARNING: Null REGULAR-PAD specified for padstack BCON100T_LLB_PAD4 at (373.3800 240.6650).
    WARNING: Null REGULAR-PAD specified for padstack BCON100T_LLB_PAD4 at (373.3800 240.6650).
    WARNING: Null REGULAR-PAD specified for padstack BCON100T_LLB_PAD4 at (373.3800 243.2050).
    WARNING: Null REGULAR-PAD specified for padstack BCON100T_LLB_PAD4 at (373.3800 243.2050).
    WARNING: Null REGULAR-PAD specified for padstack BCON100T_LLB_PAD4 at (373.3800 243.2050).
    WARNING: Null REGULAR-PAD specified for padstack BCON100T_LLB_PAD4 at (373.3800 243.2050).
    WARNING: Null REGULAR-PAD specified for padstack BCON100T_LLB_PAD4 at (373.3800 245.7450).
    WARNING: Null REGULAR-PAD specified for padstack BCON100T_LLB_PAD4 at (373.3800 245.7450).
    WARNING: Null REGULAR-PAD specified for padstack BCON100T_LLB_PAD4 at (373.3800 245.7450).
    WARNING: Null REGULAR-PAD specified for padstack BCON100T_LLB_PAD4 at (373.3800 245.7450).
    WARNING: Null REGULAR-PAD specified for padstack BCON100T_LLB_PAD4 at (373.3800 248.2850).
    WARNING: Null REGULAR-PAD specified for padstack BCON100T_LLB_PAD4 at (373.3800 248.2850).
    WARNING: Null REGULAR-PAD specified for padstack BCON100T_LLB_PAD4 at (373.3800 248.2850).
    WARNING: Null REGULAR-PAD specified for padstack BCON100T_LLB_PAD4 at (373.3800 248.2850).
    WARNING: Null REGULAR-PAD specified for padstack BCON100T_LLB_PAD3 at (373.3800 250.8250).
    WARNING: Null REGULAR-PAD specified for padstack BCON100T_LLB_PAD3 at (373.3800 250.8250).
    WARNING: Null REGULAR-PAD specified for padstack BCON100T_LLB_PAD3 at (373.3800 250.8250).
    WARNING: Null REGULAR-PAD specified for padstack BCON100T_LLB_PAD3 at (373.3800 250.8250).
    WARNING: Null REGULAR-PAD specified for padstack PAD125 at (374.0150 255.2700).
    WARNING: Null REGULAR-PAD specified for padstack PAD125 at (374.0150 255.2700).
    WARNING: Null REGULAR-PAD specified for padstack PAD125 at (374.0150 255.2700).
    WARNING: Null REGULAR-PAD specified for padstack PAD125 at (374.0150 255.2700).
    WARNING: Null REGULAR-PAD specified for padstack BCON100T_LLB_PAD4 at (378.4600 254.6350).
    WARNING: Null REGULAR-PAD specified for padstack BCON100T_LLB_PAD4 at (378.4600 254.6350).
    WARNING: Null REGULAR-PAD specified for padstack BCON100T_LLB_PAD4 at (378.4600 254.6350).
    WARNING: Null REGULAR-PAD specified for padstack BCON100T_LLB_PAD4 at (378.4600 254.6350).
    WARNING: Null REGULAR-PAD specified for padstack TM_CAP_P_LLB_PAD3 at (379.7300 222.2500).
    WARNING: Null REGULAR-PAD specified for padstack TM_CAP_P_LLB_PAD3 at (379.7300 222.2500).
    WARNING: Null REGULAR-PAD specified for padstack TM_CAP_P_LLB_PAD3 at (379.7300 222.2500).
    WARNING: Null REGULAR-PAD specified for padstack TM_CAP_P_LLB_PAD3 at (379.7300 222.2500).
    WARNING: Null REGULAR-PAD specified for padstack TM_CAP_P_LLB_PAD4 at (379.7300 224.7900).
    WARNING: Null REGULAR-PAD specified for padstack TM_CAP_P_LLB_PAD4 at (379.7300 224.7900).
    WARNING: Null REGULAR-PAD specified for padstack TM_CAP_P_LLB_PAD4 at (379.7300 224.7900).
    WARNING: Null REGULAR-PAD specified for padstack TM_CAP_P_LLB_PAD4 at (379.7300 224.7900).
    WARNING: Null REGULAR-PAD specified for padstack SM_LLB_PAD23_1 at (386.2578 233.0450).
    WARNING: Null REGULAR-PAD specified for padstack SM_LLB_PAD23_1 at (386.2578 233.0450).
    WARNING: Null REGULAR-PAD specified for padstack SM_LLB_PAD23_1 at (386.2578 233.0450).
    WARNING: Null REGULAR-PAD specified for padstack SM_LLB_PAD23_1 at (386.2578 233.0450).
    WARNING: Null REGULAR-PAD specified for padstack SM_LLB_PAD23_1 at (386.2578 233.0450).
    WARNING: Null REGULAR-PAD specified for padstack SM_LLB_PAD23_1 at (386.2578 243.2050).
    WARNING: Null REGULAR-PAD specified for padstack SM_LLB_PAD23_1 at (386.2578 243.2050).
    WARNING: Null REGULAR-PAD specified for padstack SM_LLB_PAD23_1 at (386.2578 243.2050).
    WARNING: Null REGULAR-PAD specified for padstack SM_LLB_PAD23_1 at (386.2578 243.2050).
    WARNING: Null REGULAR-PAD specified for padstack SM_LLB_PAD23_1 at (386.2578 243.2050).
    WARNING: Null REGULAR-PAD specified for padstack SM_LLB_PAD23_1 at (386.2578 238.1250).
    WARNING: Null REGULAR-PAD specified for padstack SM_LLB_PAD23_1 at (386.2578 238.1250).
    WARNING: Null REGULAR-PAD specified for padstack SM_LLB_PAD23_1 at (386.2578 238.1250).
    WARNING: Null REGULAR-PAD specified for padstack SM_LLB_PAD23_1 at (386.2578 238.1250).
    WARNING: Null REGULAR-PAD specified for padstack SM_LLB_PAD23_1 at (386.2578 238.1250).
    WARNING: Null REGULAR-PAD specified for padstack SM_LLB_PAD23_1 at (386.2578 248.2850).
    WARNING: Null REGULAR-PAD specified for padstack SM_LLB_PAD23_1 at (386.2578 248.2850).
    WARNING: Null REGULAR-PAD specified for padstack SM_LLB_PAD23_1 at (386.2578 248.2850).
    WARNING: Null REGULAR-PAD specified for padstack SM_LLB_PAD23_1 at (386.2578 248.2850).
    WARNING: Null REGULAR-PAD specified for padstack SM_LLB_PAD23_1 at (386.2578 248.2850).
    WARNING: Null REGULAR-PAD specified for padstack BCON100T_LLB_PAD4 at (386.0800 254.6350).
    WARNING: Null REGULAR-PAD specified for padstack BCON100T_LLB_PAD4 at (386.0800 254.6350).
    WARNING: Null REGULAR-PAD specified for padstack BCON100T_LLB_PAD4 at (386.0800 254.6350).
    WARNING: Null REGULAR-PAD specified for padstack BCON100T_LLB_PAD4 at (386.0800 254.6350).
    WARNING: Null REGULAR-PAD specified for padstack BCON100T_LLB_PAD4 at (383.5400 254.6350).
    WARNING: Null REGULAR-PAD specified for padstack BCON100T_LLB_PAD4 at (383.5400 254.6350).
    WARNING: Null REGULAR-PAD specified for padstack BCON100T_LLB_PAD4 at (383.5400 254.6350).
    WARNING: Null REGULAR-PAD specified for padstack BCON100T_LLB_PAD4 at (383.5400 254.6350).
    WARNING: Null REGULAR-PAD specified for padstack BCON100T_LLB_PAD4 at (381.0000 254.6350).
    WARNING: Null REGULAR-PAD specified for padstack BCON100T_LLB_PAD4 at (381.0000 254.6350).
    WARNING: Null REGULAR-PAD specified for padstack BCON100T_LLB_PAD4 at (381.0000 254.6350).
    WARNING: Null REGULAR-PAD specified for padstack BCON100T_LLB_PAD4 at (381.0000 254.6350).
    WARNING: Null REGULAR-PAD specified for padstack TM_CAP_P_LLB_PAD3 at (386.7150 222.2500).
    WARNING: Null REGULAR-PAD specified for padstack TM_CAP_P_LLB_PAD3 at (386.7150 222.2500).
    WARNING: Null REGULAR-PAD specified for padstack TM_CAP_P_LLB_PAD3 at (386.7150 222.2500).
    WARNING: Null REGULAR-PAD specified for padstack TM_CAP_P_LLB_PAD3 at (386.7150 222.2500).
    WARNING: Null REGULAR-PAD specified for padstack TM_CAP_P_LLB_PAD4 at (386.7150 224.7900).
    WARNING: Null REGULAR-PAD specified for padstack TM_CAP_P_LLB_PAD4 at (386.7150 224.7900).
    WARNING: Null REGULAR-PAD specified for padstack TM_CAP_P_LLB_PAD4 at (386.7150 224.7900).
    WARNING: Null REGULAR-PAD specified for padstack TM_CAP_P_LLB_PAD4 at (386.7150 224.7900).
    WARNING: Null REGULAR-PAD specified for padstack TM_CAP_P_LLB_PAD3 at (393.7000 222.2500).
    WARNING: Null REGULAR-PAD specified for padstack TM_CAP_P_LLB_PAD3 at (393.7000 222.2500).
    WARNING: Null REGULAR-PAD specified for padstack TM_CAP_P_LLB_PAD3 at (393.7000 222.2500).
    WARNING: Null REGULAR-PAD specified for padstack TM_CAP_P_LLB_PAD3 at (393.7000 222.2500).
    WARNING: Null REGULAR-PAD specified for padstack TM_CAP_P_LLB_PAD4 at (393.7000 224.7900).
    WARNING: Null REGULAR-PAD specified for padstack TM_CAP_P_LLB_PAD4 at (393.7000 224.7900).
    WARNING: Null REGULAR-PAD specified for padstack TM_CAP_P_LLB_PAD4 at (393.7000 224.7900).
    WARNING: Null REGULAR-PAD specified for padstack TM_CAP_P_LLB_PAD4 at (393.7000 224.7900).
    WARNING: Null REGULAR-PAD specified for padstack SM_LLB_PAD22_1 at (390.5250 233.0450).
    WARNING: Null REGULAR-PAD specified for padstack SM_LLB_PAD22_1 at (390.5250 233.0450).
    WARNING: Null REGULAR-PAD specified for padstack SM_LLB_PAD22_1 at (390.5250 233.0450).
    WARNING: Null REGULAR-PAD specified for padstack SM_LLB_PAD22_1 at (390.5250 233.0450).
    WARNING: Null REGULAR-PAD specified for padstack SM_LLB_PAD22_1 at (390.5250 233.0450).
    WARNING: Null REGULAR-PAD specified for padstack SM_LLB_PAD22_1 at (390.5250 243.2050).
    WARNING: Null REGULAR-PAD specified for padstack SM_LLB_PAD22_1 at (390.5250 243.2050).
    WARNING: Null REGULAR-PAD specified for padstack SM_LLB_PAD22_1 at (390.5250 243.2050).
    WARNING: Null REGULAR-PAD specified for padstack SM_LLB_PAD22_1 at (390.5250 243.2050).
    WARNING: Null REGULAR-PAD specified for padstack SM_LLB_PAD22_1 at (390.5250 243.2050).
    WARNING: Null REGULAR-PAD specified for padstack SM_LLB_PAD22_1 at (390.5250 238.1250).
    WARNING: Null REGULAR-PAD specified for padstack SM_LLB_PAD22_1 at (390.5250 238.1250).
    WARNING: Null REGULAR-PAD specified for padstack SM_LLB_PAD22_1 at (390.5250 238.1250).
    WARNING: Null REGULAR-PAD specified for padstack SM_LLB_PAD22_1 at (390.5250 238.1250).
    WARNING: Null REGULAR-PAD specified for padstack SM_LLB_PAD22_1 at (390.5250 238.1250).
    WARNING: Null REGULAR-PAD specified for padstack SM_LLB_PAD22_1 at (390.5250 248.2850).
    WARNING: Null REGULAR-PAD specified for padstack SM_LLB_PAD22_1 at (390.5250 248.2850).
    WARNING: Null REGULAR-PAD specified for padstack SM_LLB_PAD22_1 at (390.5250 248.2850).
    WARNING: Null REGULAR-PAD specified for padstack SM_LLB_PAD22_1 at (390.5250 248.2850).
    WARNING: Null REGULAR-PAD specified for padstack SM_LLB_PAD22_1 at (390.5250 248.2850).
    WARNING: Null REGULAR-PAD specified for padstack BCON100T_LLB_PAD3 at (388.6200 254.6350).
    WARNING: Null REGULAR-PAD specified for padstack BCON100T_LLB_PAD3 at (388.6200 254.6350).
    WARNING: Null REGULAR-PAD specified for padstack BCON100T_LLB_PAD3 at (388.6200 254.6350).
    WARNING: Null REGULAR-PAD specified for padstack BCON100T_LLB_PAD3 at (388.6200 254.6350).
    WARNING: Null REGULAR-PAD specified for padstack SM_LLB_PAD22_1 at (399.5000 221.8000).
    WARNING: Null REGULAR-PAD specified for padstack SM_LLB_PAD22_1 at (399.5000 221.8000).
    WARNING: Null REGULAR-PAD specified for padstack SM_LLB_PAD22_1 at (399.5000 221.8000).
    WARNING: Null REGULAR-PAD specified for padstack SM_LLB_PAD22_1 at (399.5000 221.8000).
    WARNING: Null REGULAR-PAD specified for padstack SM_LLB_PAD22_1 at (399.5000 221.8000).
    WARNING: Null REGULAR-PAD specified for padstack SM_LLB_PAD23_1 at (399.5000 226.0672).
    WARNING: Null REGULAR-PAD specified for padstack SM_LLB_PAD23_1 at (399.5000 226.0672).
    WARNING: Null REGULAR-PAD specified for padstack SM_LLB_PAD23_1 at (399.5000 226.0672).
    WARNING: Null REGULAR-PAD specified for padstack SM_LLB_PAD23_1 at (399.5000 226.0672).
    WARNING: Null REGULAR-PAD specified for padstack SM_LLB_PAD23_1 at (399.5000 226.0672).
    WARNING: Null REGULAR-PAD specified for padstack TM_RAD_LLB_PAD2 at (400.1800 236.4000).
    WARNING: Null REGULAR-PAD specified for padstack TM_RAD_LLB_PAD2 at (400.1800 236.4000).
    WARNING: Null REGULAR-PAD specified for padstack TM_RAD_LLB_PAD2 at (400.1800 236.4000).
    WARNING: Null REGULAR-PAD specified for padstack TM_RAD_LLB_PAD2 at (400.1800 236.4000).
    WARNING: Null REGULAR-PAD specified for padstack VIA at (400.0500 241.9350).
    WARNING: Null REGULAR-PAD specified for padstack VIA at (400.0500 241.9350).
    WARNING: Null REGULAR-PAD specified for padstack VIA at (400.0500 241.9350).
    WARNING: Null REGULAR-PAD specified for padstack VIA at (400.0500 241.9350).
    WARNING: Null REGULAR-PAD specified for padstack VIA at (397.5100 242.0665).
    WARNING: Null REGULAR-PAD specified for padstack VIA at (397.5100 242.0665).
    WARNING: Null REGULAR-PAD specified for padstack VIA at (397.5100 242.0665).
    WARNING: Null REGULAR-PAD specified for padstack VIA at (397.5100 242.0665).
    WARNING: Null REGULAR-PAD specified for padstack QUAD_LLB_PAD97_1 at (400.6040 250.1010).
    WARNING: Null REGULAR-PAD specified for padstack QUAD_LLB_PAD97_1 at (400.6040 250.1010).
    WARNING: Null REGULAR-PAD specified for padstack QUAD_LLB_PAD97_1 at (400.6040 250.1010).
    WARNING: Null REGULAR-PAD specified for padstack QUAD_LLB_PAD97_1 at (400.6040 250.1010).
    WARNING: Null REGULAR-PAD specified for padstack QUAD_LLB_PAD97_1 at (400.6040 250.1010).
    WARNING: Null REGULAR-PAD specified for padstack QUAD_LLB_PAD97_1 at (400.6040 249.3010).
    WARNING: Null REGULAR-PAD specified for padstack QUAD_LLB_PAD97_1 at (400.6040 249.3010).
    WARNING: Null REGULAR-PAD specified for padstack QUAD_LLB_PAD97_1 at (400.6040 249.3010).
    WARNING: Null REGULAR-PAD specified for padstack QUAD_LLB_PAD97_1 at (400.6040 249.3010).
    WARNING: Null REGULAR-PAD specified for padstack QUAD_LLB_PAD97_1 at (400.6040 249.3010).
    WARNING: Null REGULAR-PAD specified for padstack QUAD_LLB_PAD97_1 at (400.6040 248.5000).
    WARNING: Null REGULAR-PAD specified for padstack QUAD_LLB_PAD97_1 at (400.6040 248.5000).
    WARNING: Null REGULAR-PAD specified for padstack QUAD_LLB_PAD97_1 at (400.6040 248.5000).
    WARNING: Null REGULAR-PAD specified for padstack QUAD_LLB_PAD97_1 at (400.6040 248.5000).
    WARNING: Null REGULAR-PAD specified for padstack QUAD_LLB_PAD97_1 at (400.6040 248.5000).
    WARNING: Null REGULAR-PAD specified for padstack QUAD_LLB_PAD98_1 at (400.6040 247.7000).
    WARNING: Null REGULAR-PAD specified for padstack QUAD_LLB_PAD98_1 at (400.6040 247.7000).
    WARNING: Null REGULAR-PAD specified for padstack QUAD_LLB_PAD98_1 at (400.6040 247.7000).
    WARNING: Null REGULAR-PAD specified for padstack QUAD_LLB_PAD98_1 at (400.6040 247.7000).
    WARNING: Null REGULAR-PAD specified for padstack QUAD_LLB_PAD98_1 at (400.6040 247.7000).
    WARNING: Null REGULAR-PAD specified for padstack QUAD_LLB_PAD97_1 at (400.6040 246.9000).
    WARNING: Null REGULAR-PAD specified for padstack QUAD_LLB_PAD97_1 at (400.6040 246.9000).
    WARNING: Null REGULAR-PAD specified for padstack QUAD_LLB_PAD97_1 at (400.6040 246.9000).
    WARNING: Null REGULAR-PAD specified for padstack QUAD_LLB_PAD97_1 at (400.6040 246.9000).
    WARNING: Null REGULAR-PAD specified for padstack QUAD_LLB_PAD97_1 at (400.6040 246.9000).
    WARNING: Null REGULAR-PAD specified for padstack QUAD_LLB_PAD97_1 at (400.6040 246.1000).
    WARNING: Null REGULAR-PAD specified for padstack QUAD_LLB_PAD97_1 at (400.6040 246.1000).
    WARNING: Null REGULAR-PAD specified for padstack QUAD_LLB_PAD97_1 at (400.6040 246.1000).
    WARNING: Null REGULAR-PAD specified for padstack QUAD_LLB_PAD97_1 at (400.6040 246.1000).
    WARNING: Null REGULAR-PAD specified for padstack QUAD_LLB_PAD97_1 at (400.6040 246.1000).
    WARNING: Null REGULAR-PAD specified for padstack QUAD_LLB_PAD97_1 at (400.6040 245.3000).
    WARNING: Null REGULAR-PAD specified for padstack QUAD_LLB_PAD97_1 at (400.6040 245.3000).
    WARNING: Null REGULAR-PAD specified for padstack QUAD_LLB_PAD97_1 at (400.6040 245.3000).
    WARNING: Null REGULAR-PAD specified for padstack QUAD_LLB_PAD97_1 at (400.6040 245.3000).
    WARNING: Null REGULAR-PAD specified for padstack QUAD_LLB_PAD97_1 at (400.6040 245.3000).
    WARNING: Null REGULAR-PAD specified for padstack QUAD_LLB_PAD97_1 at (400.6040 244.5000).
    WARNING: Null REGULAR-PAD specified for padstack QUAD_LLB_PAD97_1 at (400.6040 244.5000).
    WARNING: Null REGULAR-PAD specified for padstack QUAD_LLB_PAD97_1 at (400.6040 244.5000).
    WARNING: Null REGULAR-PAD specified for padstack QUAD_LLB_PAD97_1 at (400.6040 244.5000).
    WARNING: Null REGULAR-PAD specified for padstack QUAD_LLB_PAD97_1 at (400.6040 244.5000).
    WARNING: Null REGULAR-PAD specified for padstack SM_LLB_PAD22_1 at (406.3000 221.9000).
    WARNING: Null REGULAR-PAD specified for padstack SM_LLB_PAD22_1 at (406.3000 221.9000).
    WARNING: Null REGULAR-PAD specified for padstack SM_LLB_PAD22_1 at (406.3000 221.9000).
    WARNING: Null REGULAR-PAD specified for padstack SM_LLB_PAD22_1 at (406.3000 221.9000).
    WARNING: Null REGULAR-PAD specified for padstack SM_LLB_PAD22_1 at (406.3000 221.9000).
    WARNING: Null REGULAR-PAD specified for padstack SM_LLB_PAD23_1 at (406.3000 226.1672).
    WARNING: Null REGULAR-PAD specified for padstack SM_LLB_PAD23_1 at (406.3000 226.1672).
    WARNING: Null REGULAR-PAD specified for padstack SM_LLB_PAD23_1 at (406.3000 226.1672).
    WARNING: Null REGULAR-PAD specified for padstack SM_LLB_PAD23_1 at (406.3000 226.1672).
    WARNING: Null REGULAR-PAD specified for padstack SM_LLB_PAD23_1 at (406.3000 226.1672).
    WARNING: Null REGULAR-PAD specified for padstack QUAD_LLB_PAD99 at (402.0520 243.0520).
    WARNING: Null REGULAR-PAD specified for padstack QUAD_LLB_PAD99 at (402.0520 243.0520).
    WARNING: Null REGULAR-PAD specified for padstack QUAD_LLB_PAD99 at (402.0520 243.0520).
    WARNING: Null REGULAR-PAD specified for padstack QUAD_LLB_PAD99 at (402.0520 243.0520).
    WARNING: Null REGULAR-PAD specified for padstack QUAD_LLB_PAD99 at (402.0520 243.0520).
    WARNING: Null REGULAR-PAD specified for padstack QUAD_LLB_PAD99 at (402.8520 243.0520).
    WARNING: Null REGULAR-PAD specified for padstack QUAD_LLB_PAD99 at (402.8520 243.0520).
    WARNING: Null REGULAR-PAD specified for padstack QUAD_LLB_PAD99 at (402.8520 243.0520).
    WARNING: Null REGULAR-PAD specified for padstack QUAD_LLB_PAD99 at (402.8520 243.0520).
    WARNING: Null REGULAR-PAD specified for padstack QUAD_LLB_PAD99 at (402.8520 243.0520).
    WARNING: Null REGULAR-PAD specified for padstack QUAD_LLB_PAD99 at (403.6520 243.0520).
    WARNING: Null REGULAR-PAD specified for padstack QUAD_LLB_PAD99 at (403.6520 243.0520).
    WARNING: Null REGULAR-PAD specified for padstack QUAD_LLB_PAD99 at (403.6520 243.0520).
    WARNING: Null REGULAR-PAD specified for padstack QUAD_LLB_PAD99 at (403.6520 243.0520).
    WARNING: Null REGULAR-PAD specified for padstack QUAD_LLB_PAD99 at (403.6520 243.0520).
    WARNING: Null REGULAR-PAD specified for padstack QUAD_LLB_PAD99 at (404.4520 243.0520).
    WARNING: Null REGULAR-PAD specified for padstack QUAD_LLB_PAD99 at (404.4520 243.0520).
    WARNING: Null REGULAR-PAD specified for padstack QUAD_LLB_PAD99 at (404.4520 243.0520).
    WARNING: Null REGULAR-PAD specified for padstack QUAD_LLB_PAD99 at (404.4520 243.0520).
    WARNING: Null REGULAR-PAD specified for padstack QUAD_LLB_PAD99 at (404.4520 243.0520).
    WARNING: Null REGULAR-PAD specified for padstack QUAD_LLB_PAD99 at (405.2520 243.0520).
    WARNING: Null REGULAR-PAD specified for padstack QUAD_LLB_PAD99 at (405.2520 243.0520).
    WARNING: Null REGULAR-PAD specified for padstack QUAD_LLB_PAD99 at (405.2520 243.0520).
    WARNING: Null REGULAR-PAD specified for padstack QUAD_LLB_PAD99 at (405.2520 243.0520).
    WARNING: Null REGULAR-PAD specified for padstack QUAD_LLB_PAD99 at (405.2520 243.0520).
    WARNING: Null REGULAR-PAD specified for padstack QUAD_LLB_PAD100 at (406.0520 243.0520).
    WARNING: Null REGULAR-PAD specified for padstack QUAD_LLB_PAD100 at (406.0520 243.0520).
    WARNING: Null REGULAR-PAD specified for padstack QUAD_LLB_PAD100 at (406.0520 243.0520).
    WARNING: Null REGULAR-PAD specified for padstack QUAD_LLB_PAD100 at (406.0520 243.0520).
    WARNING: Null REGULAR-PAD specified for padstack QUAD_LLB_PAD100 at (406.0520 243.0520).
    WARNING: Null REGULAR-PAD specified for padstack QUAD_LLB_PAD99 at (406.8520 243.0520).
    WARNING: Null REGULAR-PAD specified for padstack QUAD_LLB_PAD99 at (406.8520 243.0520).
    WARNING: Null REGULAR-PAD specified for padstack QUAD_LLB_PAD99 at (406.8520 243.0520).
    WARNING: Null REGULAR-PAD specified for padstack QUAD_LLB_PAD99 at (406.8520 243.0520).
    WARNING: Null REGULAR-PAD specified for padstack QUAD_LLB_PAD99 at (406.8520 243.0520).
    WARNING: Null REGULAR-PAD specified for padstack QUAD_LLB_PAD99 at (407.6520 243.0520).
    WARNING: Null REGULAR-PAD specified for padstack QUAD_LLB_PAD99 at (407.6520 243.0520).
    WARNING: Null REGULAR-PAD specified for padstack QUAD_LLB_PAD99 at (407.6520 243.0520).
    WARNING: Null REGULAR-PAD specified for padstack QUAD_LLB_PAD99 at (407.6520 243.0520).
    WARNING: Null REGULAR-PAD specified for padstack QUAD_LLB_PAD99 at (407.6520 243.0520).
    WARNING: Null REGULAR-PAD specified for padstack TM_RAD_LLB_PAD2 at (407.8000 236.4000).
    WARNING: Null REGULAR-PAD specified for padstack TM_RAD_LLB_PAD2 at (407.8000 236.4000).
    WARNING: Null REGULAR-PAD specified for padstack TM_RAD_LLB_PAD2 at (407.8000 236.4000).
    WARNING: Null REGULAR-PAD specified for padstack TM_RAD_LLB_PAD2 at (407.8000 236.4000).
    WARNING: Null REGULAR-PAD specified for padstack QUAD_LLB_PAD93_1 at (409.1000 244.5000).
    WARNING: Null REGULAR-PAD specified for padstack QUAD_LLB_PAD93_1 at (409.1000 244.5000).
    WARNING: Null REGULAR-PAD specified for padstack QUAD_LLB_PAD93_1 at (409.1000 244.5000).
    WARNING: Null REGULAR-PAD specified for padstack QUAD_LLB_PAD93_1 at (409.1000 244.5000).
    WARNING: Null REGULAR-PAD specified for padstack QUAD_LLB_PAD93_1 at (409.1000 244.5000).
    WARNING: Null REGULAR-PAD specified for padstack QUAD_LLB_PAD94_1 at (409.1000 245.3000).
    WARNING: Null REGULAR-PAD specified for padstack QUAD_LLB_PAD94_1 at (409.1000 245.3000).
    WARNING: Null REGULAR-PAD specified for padstack QUAD_LLB_PAD94_1 at (409.1000 245.3000).
    WARNING: Null REGULAR-PAD specified for padstack QUAD_LLB_PAD94_1 at (409.1000 245.3000).
    WARNING: Null REGULAR-PAD specified for padstack QUAD_LLB_PAD94_1 at (409.1000 245.3000).
    WARNING: Null REGULAR-PAD specified for padstack QUAD_LLB_PAD94_1 at (409.1000 246.1000).
    WARNING: Null REGULAR-PAD specified for padstack QUAD_LLB_PAD94_1 at (409.1000 246.1000).
    WARNING: Null REGULAR-PAD specified for padstack QUAD_LLB_PAD94_1 at (409.1000 246.1000).
    WARNING: Null REGULAR-PAD specified for padstack QUAD_LLB_PAD94_1 at (409.1000 246.1000).
    WARNING: Null REGULAR-PAD specified for padstack QUAD_LLB_PAD94_1 at (409.1000 246.1000).
    WARNING: Null REGULAR-PAD specified for padstack QUAD_LLB_PAD94_1 at (409.1000 246.9000).
    WARNING: Null REGULAR-PAD specified for padstack QUAD_LLB_PAD94_1 at (409.1000 246.9000).
    WARNING: Null REGULAR-PAD specified for padstack QUAD_LLB_PAD94_1 at (409.1000 246.9000).
    WARNING: Null REGULAR-PAD specified for padstack QUAD_LLB_PAD94_1 at (409.1000 246.9000).
    WARNING: Null REGULAR-PAD specified for padstack QUAD_LLB_PAD94_1 at (409.1000 246.9000).
    WARNING: Null REGULAR-PAD specified for padstack QUAD_LLB_PAD94_1 at (409.1000 247.7000).
    WARNING: Null REGULAR-PAD specified for padstack QUAD_LLB_PAD94_1 at (409.1000 247.7000).
    WARNING: Null REGULAR-PAD specified for padstack QUAD_LLB_PAD94_1 at (409.1000 247.7000).
    WARNING: Null REGULAR-PAD specified for padstack QUAD_LLB_PAD94_1 at (409.1000 247.7000).
    WARNING: Null REGULAR-PAD specified for padstack QUAD_LLB_PAD94_1 at (409.1000 247.7000).
    WARNING: Null REGULAR-PAD specified for padstack QUAD_LLB_PAD94_1 at (409.1000 248.5000).
    WARNING: Null REGULAR-PAD specified for padstack QUAD_LLB_PAD94_1 at (409.1000 248.5000).
    WARNING: Null REGULAR-PAD specified for padstack QUAD_LLB_PAD94_1 at (409.1000 248.5000).
    WARNING: Null REGULAR-PAD specified for padstack QUAD_LLB_PAD94_1 at (409.1000 248.5000).
    WARNING: Null REGULAR-PAD specified for padstack QUAD_LLB_PAD94_1 at (409.1000 248.5000).
    WARNING: Null REGULAR-PAD specified for padstack QUAD_LLB_PAD94_1 at (409.1000 249.3010).
    WARNING: Null REGULAR-PAD specified for padstack QUAD_LLB_PAD94_1 at (409.1000 249.3010).
    WARNING: Null REGULAR-PAD specified for padstack QUAD_LLB_PAD94_1 at (409.1000 249.3010).
    WARNING: Null REGULAR-PAD specified for padstack QUAD_LLB_PAD94_1 at (409.1000 249.3010).
    WARNING: Null REGULAR-PAD specified for padstack QUAD_LLB_PAD94_1 at (409.1000 249.3010).
    WARNING: Null REGULAR-PAD specified for padstack QUAD_LLB_PAD94_1 at (409.1000 250.1010).
    WARNING: Null REGULAR-PAD specified for padstack QUAD_LLB_PAD94_1 at (409.1000 250.1010).
    WARNING: Null REGULAR-PAD specified for padstack QUAD_LLB_PAD94_1 at (409.1000 250.1010).
    WARNING: Null REGULAR-PAD specified for padstack QUAD_LLB_PAD94_1 at (409.1000 250.1010).
    WARNING: Null REGULAR-PAD specified for padstack QUAD_LLB_PAD94_1 at (409.1000 250.1010).
    WARNING: Null REGULAR-PAD specified for padstack QUAD_LLB_PAD95_1 at (407.6520 251.5480).
    WARNING: Null REGULAR-PAD specified for padstack QUAD_LLB_PAD95_1 at (407.6520 251.5480).
    WARNING: Null REGULAR-PAD specified for padstack QUAD_LLB_PAD95_1 at (407.6520 251.5480).
    WARNING: Null REGULAR-PAD specified for padstack QUAD_LLB_PAD95_1 at (407.6520 251.5480).
    WARNING: Null REGULAR-PAD specified for padstack QUAD_LLB_PAD95_1 at (407.6520 251.5480).
    WARNING: Null REGULAR-PAD specified for padstack QUAD_LLB_PAD96_1 at (406.8520 251.5480).
    WARNING: Null REGULAR-PAD specified for padstack QUAD_LLB_PAD96_1 at (406.8520 251.5480).
    WARNING: Null REGULAR-PAD specified for padstack QUAD_LLB_PAD96_1 at (406.8520 251.5480).
    WARNING: Null REGULAR-PAD specified for padstack QUAD_LLB_PAD96_1 at (406.8520 251.5480).
    WARNING: Null REGULAR-PAD specified for padstack QUAD_LLB_PAD96_1 at (406.8520 251.5480).
    WARNING: Null REGULAR-PAD specified for padstack QUAD_LLB_PAD95_1 at (406.0520 251.5480).
    WARNING: Null REGULAR-PAD specified for padstack QUAD_LLB_PAD95_1 at (406.0520 251.5480).
    WARNING: Null REGULAR-PAD specified for padstack QUAD_LLB_PAD95_1 at (406.0520 251.5480).
    WARNING: Null REGULAR-PAD specified for padstack QUAD_LLB_PAD95_1 at (406.0520 251.5480).
    WARNING: Null REGULAR-PAD specified for padstack QUAD_LLB_PAD95_1 at (406.0520 251.5480).
    WARNING: Null REGULAR-PAD specified for padstack QUAD_LLB_PAD95_1 at (405.2520 251.5480).
    WARNING: Null REGULAR-PAD specified for padstack QUAD_LLB_PAD95_1 at (405.2520 251.5480).
    WARNING: Null REGULAR-PAD specified for padstack QUAD_LLB_PAD95_1 at (405.2520 251.5480).
    WARNING: Null REGULAR-PAD specified for padstack QUAD_LLB_PAD95_1 at (405.2520 251.5480).
    WARNING: Null REGULAR-PAD specified for padstack QUAD_LLB_PAD95_1 at (405.2520 251.5480).
    WARNING: Null REGULAR-PAD specified for padstack QUAD_LLB_PAD95_1 at (404.4520 251.5480).
    WARNING: Null REGULAR-PAD specified for padstack QUAD_LLB_PAD95_1 at (404.4520 251.5480).
    WARNING: Null REGULAR-PAD specified for padstack QUAD_LLB_PAD95_1 at (404.4520 251.5480).
    WARNING: Null REGULAR-PAD specified for padstack QUAD_LLB_PAD95_1 at (404.4520 251.5480).
    WARNING: Null REGULAR-PAD specified for padstack QUAD_LLB_PAD95_1 at (404.4520 251.5480).
    WARNING: Null REGULAR-PAD specified for padstack QUAD_LLB_PAD95_1 at (403.6520 251.5480).
    WARNING: Null REGULAR-PAD specified for padstack QUAD_LLB_PAD95_1 at (403.6520 251.5480).
    WARNING: Null REGULAR-PAD specified for padstack QUAD_LLB_PAD95_1 at (403.6520 251.5480).
    WARNING: Null REGULAR-PAD specified for padstack QUAD_LLB_PAD95_1 at (403.6520 251.5480).
    WARNING: Null REGULAR-PAD specified for padstack QUAD_LLB_PAD95_1 at (403.6520 251.5480).
    WARNING: Null REGULAR-PAD specified for padstack QUAD_LLB_PAD95_1 at (402.8520 251.5480).
    WARNING: Null REGULAR-PAD specified for padstack QUAD_LLB_PAD95_1 at (402.8520 251.5480).
    WARNING: Null REGULAR-PAD specified for padstack QUAD_LLB_PAD95_1 at (402.8520 251.5480).
    WARNING: Null REGULAR-PAD specified for padstack QUAD_LLB_PAD95_1 at (402.8520 251.5480).
    WARNING: Null REGULAR-PAD specified for padstack QUAD_LLB_PAD95_1 at (402.8520 251.5480).
    WARNING: Null REGULAR-PAD specified for padstack QUAD_LLB_PAD95_1 at (402.0520 251.5480).
    WARNING: Null REGULAR-PAD specified for padstack QUAD_LLB_PAD95_1 at (402.0520 251.5480).
    WARNING: Null REGULAR-PAD specified for padstack QUAD_LLB_PAD95_1 at (402.0520 251.5480).
    WARNING: Null REGULAR-PAD specified for padstack QUAD_LLB_PAD95_1 at (402.0520 251.5480).
    WARNING: Null REGULAR-PAD specified for padstack QUAD_LLB_PAD95_1 at (402.0520 251.5480).
    WARNING: Null REGULAR-PAD specified for padstack VIA at (415.2900 222.8850).
    WARNING: Null REGULAR-PAD specified for padstack VIA at (415.2900 222.8850).
    WARNING: Null REGULAR-PAD specified for padstack VIA at (415.2900 222.8850).
    WARNING: Null REGULAR-PAD specified for padstack VIA at (415.2900 222.8850).
    WARNING: Null REGULAR-PAD specified for padstack VIA at (410.8450 226.0600).
    WARNING: Null REGULAR-PAD specified for padstack VIA at (410.8450 226.0600).
    WARNING: Null REGULAR-PAD specified for padstack VIA at (410.8450 226.0600).
    WARNING: Null REGULAR-PAD specified for padstack VIA at (410.8450 226.0600).
    WARNING: Null REGULAR-PAD specified for padstack VIA at (414.0200 234.9500).
    WARNING: Null REGULAR-PAD specified for padstack VIA at (414.0200 234.9500).
    WARNING: Null REGULAR-PAD specified for padstack VIA at (414.0200 234.9500).
    WARNING: Null REGULAR-PAD specified for padstack VIA at (414.0200 234.9500).
    WARNING: Null REGULAR-PAD specified for padstack VIA at (412.1150 238.1250).
    WARNING: Null REGULAR-PAD specified for padstack VIA at (412.1150 238.1250).
    WARNING: Null REGULAR-PAD specified for padstack VIA at (412.1150 238.1250).
    WARNING: Null REGULAR-PAD specified for padstack VIA at (412.1150 238.1250).
    WARNING: Null REGULAR-PAD specified for padstack VIA at (410.8450 248.2850).
    WARNING: Null REGULAR-PAD specified for padstack VIA at (410.8450 248.2850).
    WARNING: Null REGULAR-PAD specified for padstack VIA at (410.8450 248.2850).
    WARNING: Null REGULAR-PAD specified for padstack VIA at (410.8450 248.2850).
    WARNING: Null REGULAR-PAD specified for padstack VIA at (412.1150 251.4600).
    WARNING: Null REGULAR-PAD specified for padstack VIA at (412.1150 251.4600).
    WARNING: Null REGULAR-PAD specified for padstack VIA at (412.1150 251.4600).
    WARNING: Null REGULAR-PAD specified for padstack VIA at (412.1150 251.4600).
    WARNING: Null REGULAR-PAD specified for padstack SM_LLB_PAD22_1 at (418.9000 226.6000).
    WARNING: Null REGULAR-PAD specified for padstack SM_LLB_PAD22_1 at (418.9000 226.6000).
    WARNING: Null REGULAR-PAD specified for padstack SM_LLB_PAD22_1 at (418.9000 226.6000).
    WARNING: Null REGULAR-PAD specified for padstack SM_LLB_PAD22_1 at (418.9000 226.6000).
    WARNING: Null REGULAR-PAD specified for padstack SM_LLB_PAD22_1 at (418.9000 226.6000).
    WARNING: Null REGULAR-PAD specified for padstack SM_LLB_PAD23_1 at (418.9000 222.3328).
    WARNING: Null REGULAR-PAD specified for padstack SM_LLB_PAD23_1 at (418.9000 222.3328).
    WARNING: Null REGULAR-PAD specified for padstack SM_LLB_PAD23_1 at (418.9000 222.3328).
    WARNING: Null REGULAR-PAD specified for padstack SM_LLB_PAD23_1 at (418.9000 222.3328).
    WARNING: Null REGULAR-PAD specified for padstack SM_LLB_PAD23_1 at (418.9000 222.3328).
    WARNING: Null REGULAR-PAD specified for padstack SM_LLB_PAD22_1 at (418.9000 231.4000).
    WARNING: Null REGULAR-PAD specified for padstack SM_LLB_PAD22_1 at (418.9000 231.4000).
    WARNING: Null REGULAR-PAD specified for padstack SM_LLB_PAD22_1 at (418.9000 231.4000).
    WARNING: Null REGULAR-PAD specified for padstack SM_LLB_PAD22_1 at (418.9000 231.4000).
    WARNING: Null REGULAR-PAD specified for padstack SM_LLB_PAD22_1 at (418.9000 231.4000).
    WARNING: Null REGULAR-PAD specified for padstack SM_LLB_PAD23_1 at (418.9000 235.6672).
    WARNING: Null REGULAR-PAD specified for padstack SM_LLB_PAD23_1 at (418.9000 235.6672).
    WARNING: Null REGULAR-PAD specified for padstack SM_LLB_PAD23_1 at (418.9000 235.6672).
    WARNING: Null REGULAR-PAD specified for padstack SM_LLB_PAD23_1 at (418.9000 235.6672).
    WARNING: Null REGULAR-PAD specified for padstack SM_LLB_PAD23_1 at (418.9000 235.6672).
    WARNING: Null REGULAR-PAD specified for padstack SM_LLB_PAD22_1 at (417.1950 248.9200).
    WARNING: Null REGULAR-PAD specified for padstack SM_LLB_PAD22_1 at (417.1950 248.9200).
    WARNING: Null REGULAR-PAD specified for padstack SM_LLB_PAD22_1 at (417.1950 248.9200).
    WARNING: Null REGULAR-PAD specified for padstack SM_LLB_PAD22_1 at (417.1950 248.9200).
    WARNING: Null REGULAR-PAD specified for padstack SM_LLB_PAD22_1 at (417.1950 248.9200).
    WARNING: Null REGULAR-PAD specified for padstack SM_LLB_PAD23_1 at (421.4622 248.9200).
    WARNING: Null REGULAR-PAD specified for padstack SM_LLB_PAD23_1 at (421.4622 248.9200).
    WARNING: Null REGULAR-PAD specified for padstack SM_LLB_PAD23_1 at (421.4622 248.9200).
    WARNING: Null REGULAR-PAD specified for padstack SM_LLB_PAD23_1 at (421.4622 248.9200).
    WARNING: Null REGULAR-PAD specified for padstack SM_LLB_PAD23_1 at (421.4622 248.9200).
    WARNING: Null REGULAR-PAD specified for padstack SM_LLB_PAD23_1 at (431.3428 227.9650).
    WARNING: Null REGULAR-PAD specified for padstack SM_LLB_PAD23_1 at (431.3428 227.9650).
    WARNING: Null REGULAR-PAD specified for padstack SM_LLB_PAD23_1 at (431.3428 227.9650).
    WARNING: Null REGULAR-PAD specified for padstack SM_LLB_PAD23_1 at (431.3428 227.9650).
    WARNING: Null REGULAR-PAD specified for padstack SM_LLB_PAD23_1 at (431.3428 227.9650).
    WARNING: Null REGULAR-PAD specified for padstack SM_LLB_PAD23_1 at (431.3428 222.8850).
    WARNING: Null REGULAR-PAD specified for padstack SM_LLB_PAD23_1 at (431.3428 222.8850).
    WARNING: Null REGULAR-PAD specified for padstack SM_LLB_PAD23_1 at (431.3428 222.8850).
    WARNING: Null REGULAR-PAD specified for padstack SM_LLB_PAD23_1 at (431.3428 222.8850).
    WARNING: Null REGULAR-PAD specified for padstack SM_LLB_PAD23_1 at (431.3428 222.8850).
    WARNING: Null REGULAR-PAD specified for padstack VIA at (425.4500 234.3150).
    WARNING: Null REGULAR-PAD specified for padstack VIA at (425.4500 234.3150).
    WARNING: Null REGULAR-PAD specified for padstack VIA at (425.4500 234.3150).
    WARNING: Null REGULAR-PAD specified for padstack VIA at (425.4500 234.3150).
    WARNING: Null REGULAR-PAD specified for padstack SM_LLB_PAD22_1 at (431.1650 234.3150).
    WARNING: Null REGULAR-PAD specified for padstack SM_LLB_PAD22_1 at (431.1650 234.3150).
    WARNING: Null REGULAR-PAD specified for padstack SM_LLB_PAD22_1 at (431.1650 234.3150).
    WARNING: Null REGULAR-PAD specified for padstack SM_LLB_PAD22_1 at (431.1650 234.3150).
    WARNING: Null REGULAR-PAD specified for padstack SM_LLB_PAD22_1 at (431.1650 234.3150).
    WARNING: Null REGULAR-PAD specified for padstack SM_LLB_PAD22_1 at (431.1650 239.3950).
    WARNING: Null REGULAR-PAD specified for padstack SM_LLB_PAD22_1 at (431.1650 239.3950).
    WARNING: Null REGULAR-PAD specified for padstack SM_LLB_PAD22_1 at (431.1650 239.3950).
    WARNING: Null REGULAR-PAD specified for padstack SM_LLB_PAD22_1 at (431.1650 239.3950).
    WARNING: Null REGULAR-PAD specified for padstack SM_LLB_PAD22_1 at (431.1650 239.3950).
    WARNING: Null REGULAR-PAD specified for padstack SM_LLB_PAD22_1 at (431.1650 249.5550).
    WARNING: Null REGULAR-PAD specified for padstack SM_LLB_PAD22_1 at (431.1650 249.5550).
    WARNING: Null REGULAR-PAD specified for padstack SM_LLB_PAD22_1 at (431.1650 249.5550).
    WARNING: Null REGULAR-PAD specified for padstack SM_LLB_PAD22_1 at (431.1650 249.5550).
    WARNING: Null REGULAR-PAD specified for padstack SM_LLB_PAD22_1 at (431.1650 249.5550).
    WARNING: Null REGULAR-PAD specified for padstack SM_LLB_PAD22_1 at (431.1650 244.4750).
    WARNING: Null REGULAR-PAD specified for padstack SM_LLB_PAD22_1 at (431.1650 244.4750).
    WARNING: Null REGULAR-PAD specified for padstack SM_LLB_PAD22_1 at (431.1650 244.4750).
    WARNING: Null REGULAR-PAD specified for padstack SM_LLB_PAD22_1 at (431.1650 244.4750).
    WARNING: Null REGULAR-PAD specified for padstack SM_LLB_PAD22_1 at (431.1650 244.4750).
    WARNING: Null REGULAR-PAD specified for padstack SM_LLB_PAD23_1 at (431.3428 254.6350).
    WARNING: Null REGULAR-PAD specified for padstack SM_LLB_PAD23_1 at (431.3428 254.6350).
    WARNING: Null REGULAR-PAD specified for padstack SM_LLB_PAD23_1 at (431.3428 254.6350).
    WARNING: Null REGULAR-PAD specified for padstack SM_LLB_PAD23_1 at (431.3428 254.6350).
    WARNING: Null REGULAR-PAD specified for padstack SM_LLB_PAD23_1 at (431.3428 254.6350).
    WARNING: Null REGULAR-PAD specified for padstack SM_LLB_PAD22_1 at (435.6100 227.9650).
    WARNING: Null REGULAR-PAD specified for padstack SM_LLB_PAD22_1 at (435.6100 227.9650).
    WARNING: Null REGULAR-PAD specified for padstack SM_LLB_PAD22_1 at (435.6100 227.9650).
    WARNING: Null REGULAR-PAD specified for padstack SM_LLB_PAD22_1 at (435.6100 227.9650).
    WARNING: Null REGULAR-PAD specified for padstack SM_LLB_PAD22_1 at (435.6100 227.9650).
    WARNING: Null REGULAR-PAD specified for padstack SM_LLB_PAD22_1 at (435.6100 222.8850).
    WARNING: Null REGULAR-PAD specified for padstack SM_LLB_PAD22_1 at (435.6100 222.8850).
    WARNING: Null REGULAR-PAD specified for padstack SM_LLB_PAD22_1 at (435.6100 222.8850).
    WARNING: Null REGULAR-PAD specified for padstack SM_LLB_PAD22_1 at (435.6100 222.8850).
    WARNING: Null REGULAR-PAD specified for padstack SM_LLB_PAD22_1 at (435.6100 222.8850).
    WARNING: Null REGULAR-PAD specified for padstack VIA at (433.7050 231.7750).
    WARNING: Null REGULAR-PAD specified for padstack VIA at (433.7050 231.7750).
    WARNING: Null REGULAR-PAD specified for padstack VIA at (433.7050 231.7750).
    WARNING: Null REGULAR-PAD specified for padstack VIA at (433.7050 231.7750).
    WARNING: Null REGULAR-PAD specified for padstack SM_LLB_PAD23_1 at (435.4322 234.3150).
    WARNING: Null REGULAR-PAD specified for padstack SM_LLB_PAD23_1 at (435.4322 234.3150).
    WARNING: Null REGULAR-PAD specified for padstack SM_LLB_PAD23_1 at (435.4322 234.3150).
    WARNING: Null REGULAR-PAD specified for padstack SM_LLB_PAD23_1 at (435.4322 234.3150).
    WARNING: Null REGULAR-PAD specified for padstack SM_LLB_PAD23_1 at (435.4322 234.3150).
    WARNING: Null REGULAR-PAD specified for padstack SM_LLB_PAD23_1 at (435.4322 239.3950).
    WARNING: Null REGULAR-PAD specified for padstack SM_LLB_PAD23_1 at (435.4322 239.3950).
    WARNING: Null REGULAR-PAD specified for padstack SM_LLB_PAD23_1 at (435.4322 239.3950).
    WARNING: Null REGULAR-PAD specified for padstack SM_LLB_PAD23_1 at (435.4322 239.3950).
    WARNING: Null REGULAR-PAD specified for padstack SM_LLB_PAD23_1 at (435.4322 239.3950).
    WARNING: Null REGULAR-PAD specified for padstack VIA at (438.1500 243.2050).
    WARNING: Null REGULAR-PAD specified for padstack VIA at (438.1500 243.2050).
    WARNING: Null REGULAR-PAD specified for padstack VIA at (438.1500 243.2050).
    WARNING: Null REGULAR-PAD specified for padstack VIA at (438.1500 243.2050).
    WARNING: Null REGULAR-PAD specified for padstack VIA at (439.4200 246.3800).
    WARNING: Null REGULAR-PAD specified for padstack VIA at (439.4200 246.3800).
    WARNING: Null REGULAR-PAD specified for padstack VIA at (439.4200 246.3800).
    WARNING: Null REGULAR-PAD specified for padstack VIA at (439.4200 246.3800).
    WARNING: Null REGULAR-PAD specified for padstack SM_LLB_PAD23_1 at (435.4322 249.5550).
    WARNING: Null REGULAR-PAD specified for padstack SM_LLB_PAD23_1 at (435.4322 249.5550).
    WARNING: Null REGULAR-PAD specified for padstack SM_LLB_PAD23_1 at (435.4322 249.5550).
    WARNING: Null REGULAR-PAD specified for padstack SM_LLB_PAD23_1 at (435.4322 249.5550).
    WARNING: Null REGULAR-PAD specified for padstack SM_LLB_PAD23_1 at (435.4322 249.5550).
    WARNING: Null REGULAR-PAD specified for padstack SM_LLB_PAD23_1 at (435.4322 244.4750).
    WARNING: Null REGULAR-PAD specified for padstack SM_LLB_PAD23_1 at (435.4322 244.4750).
    WARNING: Null REGULAR-PAD specified for padstack SM_LLB_PAD23_1 at (435.4322 244.4750).
    WARNING: Null REGULAR-PAD specified for padstack SM_LLB_PAD23_1 at (435.4322 244.4750).
    WARNING: Null REGULAR-PAD specified for padstack SM_LLB_PAD23_1 at (435.4322 244.4750).
    WARNING: Null REGULAR-PAD specified for padstack SM_LLB_PAD22_1 at (435.6100 254.6350).
    WARNING: Null REGULAR-PAD specified for padstack SM_LLB_PAD22_1 at (435.6100 254.6350).
    WARNING: Null REGULAR-PAD specified for padstack SM_LLB_PAD22_1 at (435.6100 254.6350).
    WARNING: Null REGULAR-PAD specified for padstack SM_LLB_PAD22_1 at (435.6100 254.6350).
    WARNING: Null REGULAR-PAD specified for padstack SM_LLB_PAD22_1 at (435.6100 254.6350).
    WARNING: Null REGULAR-PAD specified for padstack VIA at (438.7850 252.7300).
    WARNING: Null REGULAR-PAD specified for padstack VIA at (438.7850 252.7300).
    WARNING: Null REGULAR-PAD specified for padstack VIA at (438.7850 252.7300).
    WARNING: Null REGULAR-PAD specified for padstack VIA at (438.7850 252.7300).
    WARNING: Null REGULAR-PAD specified for padstack BCON100T_LLB_PAD4 at (444.2000 240.4400).
    WARNING: Null REGULAR-PAD specified for padstack BCON100T_LLB_PAD4 at (444.2000 240.4400).
    WARNING: Null REGULAR-PAD specified for padstack BCON100T_LLB_PAD4 at (444.2000 240.4400).
    WARNING: Null REGULAR-PAD specified for padstack BCON100T_LLB_PAD4 at (444.2000 240.4400).
    WARNING: Null REGULAR-PAD specified for padstack BCON100T_LLB_PAD4 at (444.2000 242.9800).
    WARNING: Null REGULAR-PAD specified for padstack BCON100T_LLB_PAD4 at (444.2000 242.9800).
    WARNING: Null REGULAR-PAD specified for padstack BCON100T_LLB_PAD4 at (444.2000 242.9800).
    WARNING: Null REGULAR-PAD specified for padstack BCON100T_LLB_PAD4 at (444.2000 242.9800).
    WARNING: Null REGULAR-PAD specified for padstack BCON100T_LLB_PAD4 at (444.2000 245.5200).
    WARNING: Null REGULAR-PAD specified for padstack BCON100T_LLB_PAD4 at (444.2000 245.5200).
    WARNING: Null REGULAR-PAD specified for padstack BCON100T_LLB_PAD4 at (444.2000 245.5200).
    WARNING: Null REGULAR-PAD specified for padstack BCON100T_LLB_PAD4 at (444.2000 245.5200).
    WARNING: Null REGULAR-PAD specified for padstack BCON100T_LLB_PAD4 at (444.2000 248.0600).
    WARNING: Null REGULAR-PAD specified for padstack BCON100T_LLB_PAD4 at (444.2000 248.0600).
    WARNING: Null REGULAR-PAD specified for padstack BCON100T_LLB_PAD4 at (444.2000 248.0600).
    WARNING: Null REGULAR-PAD specified for padstack BCON100T_LLB_PAD4 at (444.2000 248.0600).
    WARNING: Null REGULAR-PAD specified for padstack BCON100T_LLB_PAD3 at (444.2000 250.6000).
    WARNING: Null REGULAR-PAD specified for padstack BCON100T_LLB_PAD3 at (444.2000 250.6000).
    WARNING: Null REGULAR-PAD specified for padstack BCON100T_LLB_PAD3 at (444.2000 250.6000).
    WARNING: Null REGULAR-PAD specified for padstack BCON100T_LLB_PAD3 at (444.2000 250.6000).
    WARNING: Null REGULAR-PAD specified for padstack VIA at (453.3900 235.5850).
    WARNING: Null REGULAR-PAD specified for padstack VIA at (453.3900 235.5850).
    WARNING: Null REGULAR-PAD specified for padstack VIA at (453.3900 235.5850).
    WARNING: Null REGULAR-PAD specified for padstack VIA at (453.3900 235.5850).
    WARNING: Null REGULAR-PAD specified for padstack VIA at (451.4850 234.3150).
    WARNING: Null REGULAR-PAD specified for padstack VIA at (451.4850 234.3150).
    WARNING: Null REGULAR-PAD specified for padstack VIA at (451.4850 234.3150).
    WARNING: Null REGULAR-PAD specified for padstack VIA at (451.4850 234.3150).
    WARNING: Null REGULAR-PAD specified for padstack QUAD_LLB_PAD93_1 at (449.2000 238.6000).
    WARNING: Null REGULAR-PAD specified for padstack QUAD_LLB_PAD93_1 at (449.2000 238.6000).
    WARNING: Null REGULAR-PAD specified for padstack QUAD_LLB_PAD93_1 at (449.2000 238.6000).
    WARNING: Null REGULAR-PAD specified for padstack QUAD_LLB_PAD93_1 at (449.2000 238.6000).
    WARNING: Null REGULAR-PAD specified for padstack QUAD_LLB_PAD93_1 at (449.2000 238.6000).
    WARNING: Null REGULAR-PAD specified for padstack QUAD_LLB_PAD94_1 at (450.0000 238.6000).
    WARNING: Null REGULAR-PAD specified for padstack QUAD_LLB_PAD94_1 at (450.0000 238.6000).
    WARNING: Null REGULAR-PAD specified for padstack QUAD_LLB_PAD94_1 at (450.0000 238.6000).
    WARNING: Null REGULAR-PAD specified for padstack QUAD_LLB_PAD94_1 at (450.0000 238.6000).
    WARNING: Null REGULAR-PAD specified for padstack QUAD_LLB_PAD94_1 at (450.0000 238.6000).
    WARNING: Null REGULAR-PAD specified for padstack QUAD_LLB_PAD94_1 at (450.8000 238.6000).
    WARNING: Null REGULAR-PAD specified for padstack QUAD_LLB_PAD94_1 at (450.8000 238.6000).
    WARNING: Null REGULAR-PAD specified for padstack QUAD_LLB_PAD94_1 at (450.8000 238.6000).
    WARNING: Null REGULAR-PAD specified for padstack QUAD_LLB_PAD94_1 at (450.8000 238.6000).
    WARNING: Null REGULAR-PAD specified for padstack QUAD_LLB_PAD94_1 at (450.8000 238.6000).
    WARNING: Null REGULAR-PAD specified for padstack QUAD_LLB_PAD94_1 at (451.6000 238.6000).
    WARNING: Null REGULAR-PAD specified for padstack QUAD_LLB_PAD94_1 at (451.6000 238.6000).
    WARNING: Null REGULAR-PAD specified for padstack QUAD_LLB_PAD94_1 at (451.6000 238.6000).
    WARNING: Null REGULAR-PAD specified for padstack QUAD_LLB_PAD94_1 at (451.6000 238.6000).
    WARNING: Null REGULAR-PAD specified for padstack QUAD_LLB_PAD94_1 at (451.6000 238.6000).
    WARNING: Null REGULAR-PAD specified for padstack QUAD_LLB_PAD94_1 at (452.4000 238.6000).
    WARNING: Null REGULAR-PAD specified for padstack QUAD_LLB_PAD94_1 at (452.4000 238.6000).
    WARNING: Null REGULAR-PAD specified for padstack QUAD_LLB_PAD94_1 at (452.4000 238.6000).
    WARNING: Null REGULAR-PAD specified for padstack QUAD_LLB_PAD94_1 at (452.4000 238.6000).
    WARNING: Null REGULAR-PAD specified for padstack QUAD_LLB_PAD94_1 at (452.4000 238.6000).
    WARNING: Null REGULAR-PAD specified for padstack QUAD_LLB_PAD94_1 at (453.2000 238.6000).
    WARNING: Null REGULAR-PAD specified for padstack QUAD_LLB_PAD94_1 at (453.2000 238.6000).
    WARNING: Null REGULAR-PAD specified for padstack QUAD_LLB_PAD94_1 at (453.2000 238.6000).
    WARNING: Null REGULAR-PAD specified for padstack QUAD_LLB_PAD94_1 at (453.2000 238.6000).
    WARNING: Null REGULAR-PAD specified for padstack QUAD_LLB_PAD94_1 at (453.2000 238.6000).
    WARNING: Null REGULAR-PAD specified for padstack QUAD_LLB_PAD94_1 at (454.0010 238.6000).
    WARNING: Null REGULAR-PAD specified for padstack QUAD_LLB_PAD94_1 at (454.0010 238.6000).
    WARNING: Null REGULAR-PAD specified for padstack QUAD_LLB_PAD94_1 at (454.0010 238.6000).
    WARNING: Null REGULAR-PAD specified for padstack QUAD_LLB_PAD94_1 at (454.0010 238.6000).
    WARNING: Null REGULAR-PAD specified for padstack QUAD_LLB_PAD94_1 at (454.0010 238.6000).
    WARNING: Null REGULAR-PAD specified for padstack QUAD_LLB_PAD99 at (447.7520 242.4480).
    WARNING: Null REGULAR-PAD specified for padstack QUAD_LLB_PAD99 at (447.7520 242.4480).
    WARNING: Null REGULAR-PAD specified for padstack QUAD_LLB_PAD99 at (447.7520 242.4480).
    WARNING: Null REGULAR-PAD specified for padstack QUAD_LLB_PAD99 at (447.7520 242.4480).
    WARNING: Null REGULAR-PAD specified for padstack QUAD_LLB_PAD99 at (447.7520 242.4480).
    WARNING: Null REGULAR-PAD specified for padstack QUAD_LLB_PAD100 at (447.7520 241.6480).
    WARNING: Null REGULAR-PAD specified for padstack QUAD_LLB_PAD100 at (447.7520 241.6480).
    WARNING: Null REGULAR-PAD specified for padstack QUAD_LLB_PAD100 at (447.7520 241.6480).
    WARNING: Null REGULAR-PAD specified for padstack QUAD_LLB_PAD100 at (447.7520 241.6480).
    WARNING: Null REGULAR-PAD specified for padstack QUAD_LLB_PAD100 at (447.7520 241.6480).
    WARNING: Null REGULAR-PAD specified for padstack QUAD_LLB_PAD99 at (447.7520 240.8480).
    WARNING: Null REGULAR-PAD specified for padstack QUAD_LLB_PAD99 at (447.7520 240.8480).
    WARNING: Null REGULAR-PAD specified for padstack QUAD_LLB_PAD99 at (447.7520 240.8480).
    WARNING: Null REGULAR-PAD specified for padstack QUAD_LLB_PAD99 at (447.7520 240.8480).
    WARNING: Null REGULAR-PAD specified for padstack QUAD_LLB_PAD99 at (447.7520 240.8480).
    WARNING: Null REGULAR-PAD specified for padstack QUAD_LLB_PAD99 at (447.7520 240.0480).
    WARNING: Null REGULAR-PAD specified for padstack QUAD_LLB_PAD99 at (447.7520 240.0480).
    WARNING: Null REGULAR-PAD specified for padstack QUAD_LLB_PAD99 at (447.7520 240.0480).
    WARNING: Null REGULAR-PAD specified for padstack QUAD_LLB_PAD99 at (447.7520 240.0480).
    WARNING: Null REGULAR-PAD specified for padstack QUAD_LLB_PAD99 at (447.7520 240.0480).
    WARNING: Null REGULAR-PAD specified for padstack VIA at (450.2150 241.9350).
    WARNING: Null REGULAR-PAD specified for padstack VIA at (450.2150 241.9350).
    WARNING: Null REGULAR-PAD specified for padstack VIA at (450.2150 241.9350).
    WARNING: Null REGULAR-PAD specified for padstack VIA at (450.2150 241.9350).
    WARNING: Null REGULAR-PAD specified for padstack VIA at (452.7550 242.5700).
    WARNING: Null REGULAR-PAD specified for padstack VIA at (452.7550 242.5700).
    WARNING: Null REGULAR-PAD specified for padstack VIA at (452.7550 242.5700).
    WARNING: Null REGULAR-PAD specified for padstack VIA at (452.7550 242.5700).
    WARNING: Null REGULAR-PAD specified for padstack QUAD_LLB_PAD97_1 at (454.0010 247.0960).
    WARNING: Null REGULAR-PAD specified for padstack QUAD_LLB_PAD97_1 at (454.0010 247.0960).
    WARNING: Null REGULAR-PAD specified for padstack QUAD_LLB_PAD97_1 at (454.0010 247.0960).
    WARNING: Null REGULAR-PAD specified for padstack QUAD_LLB_PAD97_1 at (454.0010 247.0960).
    WARNING: Null REGULAR-PAD specified for padstack QUAD_LLB_PAD97_1 at (454.0010 247.0960).
    WARNING: Null REGULAR-PAD specified for padstack QUAD_LLB_PAD97_1 at (453.2000 247.0960).
    WARNING: Null REGULAR-PAD specified for padstack QUAD_LLB_PAD97_1 at (453.2000 247.0960).
    WARNING: Null REGULAR-PAD specified for padstack QUAD_LLB_PAD97_1 at (453.2000 247.0960).
    WARNING: Null REGULAR-PAD specified for padstack QUAD_LLB_PAD97_1 at (453.2000 247.0960).
    WARNING: Null REGULAR-PAD specified for padstack QUAD_LLB_PAD97_1 at (453.2000 247.0960).
    WARNING: Null REGULAR-PAD specified for padstack QUAD_LLB_PAD98_1 at (452.4000 247.0960).
    WARNING: Null REGULAR-PAD specified for padstack QUAD_LLB_PAD98_1 at (452.4000 247.0960).
    WARNING: Null REGULAR-PAD specified for padstack QUAD_LLB_PAD98_1 at (452.4000 247.0960).
    WARNING: Null REGULAR-PAD specified for padstack QUAD_LLB_PAD98_1 at (452.4000 247.0960).
    WARNING: Null REGULAR-PAD specified for padstack QUAD_LLB_PAD98_1 at (452.4000 247.0960).
    WARNING: Null REGULAR-PAD specified for padstack QUAD_LLB_PAD97_1 at (451.6000 247.0960).
    WARNING: Null REGULAR-PAD specified for padstack QUAD_LLB_PAD97_1 at (451.6000 247.0960).
    WARNING: Null REGULAR-PAD specified for padstack QUAD_LLB_PAD97_1 at (451.6000 247.0960).
    WARNING: Null REGULAR-PAD specified for padstack QUAD_LLB_PAD97_1 at (451.6000 247.0960).
    WARNING: Null REGULAR-PAD specified for padstack QUAD_LLB_PAD97_1 at (451.6000 247.0960).
    WARNING: Null REGULAR-PAD specified for padstack QUAD_LLB_PAD97_1 at (450.8000 247.0960).
    WARNING: Null REGULAR-PAD specified for padstack QUAD_LLB_PAD97_1 at (450.8000 247.0960).
    WARNING: Null REGULAR-PAD specified for padstack QUAD_LLB_PAD97_1 at (450.8000 247.0960).
    WARNING: Null REGULAR-PAD specified for padstack QUAD_LLB_PAD97_1 at (450.8000 247.0960).
    WARNING: Null REGULAR-PAD specified for padstack QUAD_LLB_PAD97_1 at (450.8000 247.0960).
    WARNING: Null REGULAR-PAD specified for padstack QUAD_LLB_PAD97_1 at (450.0000 247.0960).
    WARNING: Null REGULAR-PAD specified for padstack QUAD_LLB_PAD97_1 at (450.0000 247.0960).
    WARNING: Null REGULAR-PAD specified for padstack QUAD_LLB_PAD97_1 at (450.0000 247.0960).
    WARNING: Null REGULAR-PAD specified for padstack QUAD_LLB_PAD97_1 at (450.0000 247.0960).
    WARNING: Null REGULAR-PAD specified for padstack QUAD_LLB_PAD97_1 at (450.0000 247.0960).
    WARNING: Null REGULAR-PAD specified for padstack QUAD_LLB_PAD97_1 at (449.2000 247.0960).
    WARNING: Null REGULAR-PAD specified for padstack QUAD_LLB_PAD97_1 at (449.2000 247.0960).
    WARNING: Null REGULAR-PAD specified for padstack QUAD_LLB_PAD97_1 at (449.2000 247.0960).
    WARNING: Null REGULAR-PAD specified for padstack QUAD_LLB_PAD97_1 at (449.2000 247.0960).
    WARNING: Null REGULAR-PAD specified for padstack QUAD_LLB_PAD97_1 at (449.2000 247.0960).
    WARNING: Null REGULAR-PAD specified for padstack QUAD_LLB_PAD99 at (447.7520 245.6480).
    WARNING: Null REGULAR-PAD specified for padstack QUAD_LLB_PAD99 at (447.7520 245.6480).
    WARNING: Null REGULAR-PAD specified for padstack QUAD_LLB_PAD99 at (447.7520 245.6480).
    WARNING: Null REGULAR-PAD specified for padstack QUAD_LLB_PAD99 at (447.7520 245.6480).
    WARNING: Null REGULAR-PAD specified for padstack QUAD_LLB_PAD99 at (447.7520 245.6480).
    WARNING: Null REGULAR-PAD specified for padstack QUAD_LLB_PAD99 at (447.7520 244.8480).
    WARNING: Null REGULAR-PAD specified for padstack QUAD_LLB_PAD99 at (447.7520 244.8480).
    WARNING: Null REGULAR-PAD specified for padstack QUAD_LLB_PAD99 at (447.7520 244.8480).
    WARNING: Null REGULAR-PAD specified for padstack QUAD_LLB_PAD99 at (447.7520 244.8480).
    WARNING: Null REGULAR-PAD specified for padstack QUAD_LLB_PAD99 at (447.7520 244.8480).
    WARNING: Null REGULAR-PAD specified for padstack QUAD_LLB_PAD99 at (447.7520 244.0480).
    WARNING: Null REGULAR-PAD specified for padstack QUAD_LLB_PAD99 at (447.7520 244.0480).
    WARNING: Null REGULAR-PAD specified for padstack QUAD_LLB_PAD99 at (447.7520 244.0480).
    WARNING: Null REGULAR-PAD specified for padstack QUAD_LLB_PAD99 at (447.7520 244.0480).
    WARNING: Null REGULAR-PAD specified for padstack QUAD_LLB_PAD99 at (447.7520 244.0480).
    WARNING: Null REGULAR-PAD specified for padstack QUAD_LLB_PAD99 at (447.7520 243.2480).
    WARNING: Null REGULAR-PAD specified for padstack QUAD_LLB_PAD99 at (447.7520 243.2480).
    WARNING: Null REGULAR-PAD specified for padstack QUAD_LLB_PAD99 at (447.7520 243.2480).
    WARNING: Null REGULAR-PAD specified for padstack QUAD_LLB_PAD99 at (447.7520 243.2480).
    WARNING: Null REGULAR-PAD specified for padstack QUAD_LLB_PAD99 at (447.7520 243.2480).
    WARNING: Null REGULAR-PAD specified for padstack VIA at (453.4850 249.5550).
    WARNING: Null REGULAR-PAD specified for padstack VIA at (453.4850 249.5550).
    WARNING: Null REGULAR-PAD specified for padstack VIA at (453.4850 249.5550).
    WARNING: Null REGULAR-PAD specified for padstack VIA at (453.4850 249.5550).
    WARNING: Null REGULAR-PAD specified for padstack VIA at (452.1200 248.9200).
    WARNING: Null REGULAR-PAD specified for padstack VIA at (452.1200 248.9200).
    WARNING: Null REGULAR-PAD specified for padstack VIA at (452.1200 248.9200).
    WARNING: Null REGULAR-PAD specified for padstack VIA at (452.1200 248.9200).
    WARNING: Null REGULAR-PAD specified for padstack VIA at (450.8500 244.4750).
    WARNING: Null REGULAR-PAD specified for padstack VIA at (450.8500 244.4750).
    WARNING: Null REGULAR-PAD specified for padstack VIA at (450.8500 244.4750).
    WARNING: Null REGULAR-PAD specified for padstack VIA at (450.8500 244.4750).
    WARNING: Null REGULAR-PAD specified for padstack VIA at (449.5800 245.1100).
    WARNING: Null REGULAR-PAD specified for padstack VIA at (449.5800 245.1100).
    WARNING: Null REGULAR-PAD specified for padstack VIA at (449.5800 245.1100).
    WARNING: Null REGULAR-PAD specified for padstack VIA at (449.5800 245.1100).
    WARNING: Null REGULAR-PAD specified for padstack VIA at (461.0100 224.7900).
    WARNING: Null REGULAR-PAD specified for padstack VIA at (461.0100 224.7900).
    WARNING: Null REGULAR-PAD specified for padstack VIA at (461.0100 224.7900).
    WARNING: Null REGULAR-PAD specified for padstack VIA at (461.0100 224.7900).
    WARNING: Null REGULAR-PAD specified for padstack VIA at (461.0100 220.9800).
    WARNING: Null REGULAR-PAD specified for padstack VIA at (461.0100 220.9800).
    WARNING: Null REGULAR-PAD specified for padstack VIA at (461.0100 220.9800).
    WARNING: Null REGULAR-PAD specified for padstack VIA at (461.0100 220.9800).
    WARNING: Null REGULAR-PAD specified for padstack SM_LLB_PAD22_1 at (459.6000 224.3000).
    WARNING: Null REGULAR-PAD specified for padstack SM_LLB_PAD22_1 at (459.6000 224.3000).
    WARNING: Null REGULAR-PAD specified for padstack SM_LLB_PAD22_1 at (459.6000 224.3000).
    WARNING: Null REGULAR-PAD specified for padstack SM_LLB_PAD22_1 at (459.6000 224.3000).
    WARNING: Null REGULAR-PAD specified for padstack SM_LLB_PAD22_1 at (459.6000 224.3000).
    WARNING: Null REGULAR-PAD specified for padstack SM_LLB_PAD23_1 at (455.3328 224.3000).
    WARNING: Null REGULAR-PAD specified for padstack SM_LLB_PAD23_1 at (455.3328 224.3000).
    WARNING: Null REGULAR-PAD specified for padstack SM_LLB_PAD23_1 at (455.3328 224.3000).
    WARNING: Null REGULAR-PAD specified for padstack SM_LLB_PAD23_1 at (455.3328 224.3000).
    WARNING: Null REGULAR-PAD specified for padstack SM_LLB_PAD23_1 at (455.3328 224.3000).
    WARNING: Null REGULAR-PAD specified for padstack SM_LLB_PAD22_1 at (459.6000 229.8000).
    WARNING: Null REGULAR-PAD specified for padstack SM_LLB_PAD22_1 at (459.6000 229.8000).
    WARNING: Null REGULAR-PAD specified for padstack SM_LLB_PAD22_1 at (459.6000 229.8000).
    WARNING: Null REGULAR-PAD specified for padstack SM_LLB_PAD22_1 at (459.6000 229.8000).
    WARNING: Null REGULAR-PAD specified for padstack SM_LLB_PAD22_1 at (459.6000 229.8000).
    WARNING: Null REGULAR-PAD specified for padstack SM_LLB_PAD23_1 at (455.3328 229.8000).
    WARNING: Null REGULAR-PAD specified for padstack SM_LLB_PAD23_1 at (455.3328 229.8000).
    WARNING: Null REGULAR-PAD specified for padstack SM_LLB_PAD23_1 at (455.3328 229.8000).
    WARNING: Null REGULAR-PAD specified for padstack SM_LLB_PAD23_1 at (455.3328 229.8000).
    WARNING: Null REGULAR-PAD specified for padstack SM_LLB_PAD23_1 at (455.3328 229.8000).
    WARNING: Null REGULAR-PAD specified for padstack QUAD_LLB_PAD94_1 at (454.8010 238.6000).
    WARNING: Null REGULAR-PAD specified for padstack QUAD_LLB_PAD94_1 at (454.8010 238.6000).
    WARNING: Null REGULAR-PAD specified for padstack QUAD_LLB_PAD94_1 at (454.8010 238.6000).
    WARNING: Null REGULAR-PAD specified for padstack QUAD_LLB_PAD94_1 at (454.8010 238.6000).
    WARNING: Null REGULAR-PAD specified for padstack QUAD_LLB_PAD94_1 at (454.8010 238.6000).
    WARNING: Null REGULAR-PAD specified for padstack QUAD_LLB_PAD95_1 at (456.2480 240.0480).
    WARNING: Null REGULAR-PAD specified for padstack QUAD_LLB_PAD95_1 at (456.2480 240.0480).
    WARNING: Null REGULAR-PAD specified for padstack QUAD_LLB_PAD95_1 at (456.2480 240.0480).
    WARNING: Null REGULAR-PAD specified for padstack QUAD_LLB_PAD95_1 at (456.2480 240.0480).
    WARNING: Null REGULAR-PAD specified for padstack QUAD_LLB_PAD95_1 at (456.2480 240.0480).
    WARNING: Null REGULAR-PAD specified for padstack QUAD_LLB_PAD96_1 at (456.2480 240.8480).
    WARNING: Null REGULAR-PAD specified for padstack QUAD_LLB_PAD96_1 at (456.2480 240.8480).
    WARNING: Null REGULAR-PAD specified for padstack QUAD_LLB_PAD96_1 at (456.2480 240.8480).
    WARNING: Null REGULAR-PAD specified for padstack QUAD_LLB_PAD96_1 at (456.2480 240.8480).
    WARNING: Null REGULAR-PAD specified for padstack QUAD_LLB_PAD96_1 at (456.2480 240.8480).
    WARNING: Null REGULAR-PAD specified for padstack QUAD_LLB_PAD95_1 at (456.2480 241.6480).
    WARNING: Null REGULAR-PAD specified for padstack QUAD_LLB_PAD95_1 at (456.2480 241.6480).
    WARNING: Null REGULAR-PAD specified for padstack QUAD_LLB_PAD95_1 at (456.2480 241.6480).
    WARNING: Null REGULAR-PAD specified for padstack QUAD_LLB_PAD95_1 at (456.2480 241.6480).
    WARNING: Null REGULAR-PAD specified for padstack QUAD_LLB_PAD95_1 at (456.2480 241.6480).
    WARNING: Null REGULAR-PAD specified for padstack QUAD_LLB_PAD95_1 at (456.2480 242.4480).
    WARNING: Null REGULAR-PAD specified for padstack QUAD_LLB_PAD95_1 at (456.2480 242.4480).
    WARNING: Null REGULAR-PAD specified for padstack QUAD_LLB_PAD95_1 at (456.2480 242.4480).
    WARNING: Null REGULAR-PAD specified for padstack QUAD_LLB_PAD95_1 at (456.2480 242.4480).
    WARNING: Null REGULAR-PAD specified for padstack QUAD_LLB_PAD95_1 at (456.2480 242.4480).
    WARNING: Null REGULAR-PAD specified for padstack TM_RAD_LLB_PAD2 at (461.6450 237.4900).
    WARNING: Null REGULAR-PAD specified for padstack TM_RAD_LLB_PAD2 at (461.6450 237.4900).
    WARNING: Null REGULAR-PAD specified for padstack TM_RAD_LLB_PAD2 at (461.6450 237.4900).
    WARNING: Null REGULAR-PAD specified for padstack TM_RAD_LLB_PAD2 at (461.6450 237.4900).
    WARNING: Null REGULAR-PAD specified for padstack QUAD_LLB_PAD95_1 at (456.2480 243.2480).
    WARNING: Null REGULAR-PAD specified for padstack QUAD_LLB_PAD95_1 at (456.2480 243.2480).
    WARNING: Null REGULAR-PAD specified for padstack QUAD_LLB_PAD95_1 at (456.2480 243.2480).
    WARNING: Null REGULAR-PAD specified for padstack QUAD_LLB_PAD95_1 at (456.2480 243.2480).
    WARNING: Null REGULAR-PAD specified for padstack QUAD_LLB_PAD95_1 at (456.2480 243.2480).
    WARNING: Null REGULAR-PAD specified for padstack QUAD_LLB_PAD95_1 at (456.2480 244.0480).
    WARNING: Null REGULAR-PAD specified for padstack QUAD_LLB_PAD95_1 at (456.2480 244.0480).
    WARNING: Null REGULAR-PAD specified for padstack QUAD_LLB_PAD95_1 at (456.2480 244.0480).
    WARNING: Null REGULAR-PAD specified for padstack QUAD_LLB_PAD95_1 at (456.2480 244.0480).
    WARNING: Null REGULAR-PAD specified for padstack QUAD_LLB_PAD95_1 at (456.2480 244.0480).
    WARNING: Null REGULAR-PAD specified for padstack QUAD_LLB_PAD95_1 at (456.2480 244.8480).
    WARNING: Null REGULAR-PAD specified for padstack QUAD_LLB_PAD95_1 at (456.2480 244.8480).
    WARNING: Null REGULAR-PAD specified for padstack QUAD_LLB_PAD95_1 at (456.2480 244.8480).
    WARNING: Null REGULAR-PAD specified for padstack QUAD_LLB_PAD95_1 at (456.2480 244.8480).
    WARNING: Null REGULAR-PAD specified for padstack QUAD_LLB_PAD95_1 at (456.2480 244.8480).
    WARNING: Null REGULAR-PAD specified for padstack QUAD_LLB_PAD95_1 at (456.2480 245.6480).
    WARNING: Null REGULAR-PAD specified for padstack QUAD_LLB_PAD95_1 at (456.2480 245.6480).
    WARNING: Null REGULAR-PAD specified for padstack QUAD_LLB_PAD95_1 at (456.2480 245.6480).
    WARNING: Null REGULAR-PAD specified for padstack QUAD_LLB_PAD95_1 at (456.2480 245.6480).
    WARNING: Null REGULAR-PAD specified for padstack QUAD_LLB_PAD95_1 at (456.2480 245.6480).
    WARNING: Null REGULAR-PAD specified for padstack QUAD_LLB_PAD97_1 at (454.8010 247.0960).
    WARNING: Null REGULAR-PAD specified for padstack QUAD_LLB_PAD97_1 at (454.8010 247.0960).
    WARNING: Null REGULAR-PAD specified for padstack QUAD_LLB_PAD97_1 at (454.8010 247.0960).
    WARNING: Null REGULAR-PAD specified for padstack QUAD_LLB_PAD97_1 at (454.8010 247.0960).
    WARNING: Null REGULAR-PAD specified for padstack QUAD_LLB_PAD97_1 at (454.8010 247.0960).
    WARNING: Null REGULAR-PAD specified for padstack TM_RAD_LLB_PAD2 at (461.6450 245.1100).
    WARNING: Null REGULAR-PAD specified for padstack TM_RAD_LLB_PAD2 at (461.6450 245.1100).
    WARNING: Null REGULAR-PAD specified for padstack TM_RAD_LLB_PAD2 at (461.6450 245.1100).
    WARNING: Null REGULAR-PAD specified for padstack TM_RAD_LLB_PAD2 at (461.6450 245.1100).
    WARNING: Null REGULAR-PAD specified for padstack TM_CYLND_LLB_PAD3 at (459.6000 254.5000).
    WARNING: Null REGULAR-PAD specified for padstack TM_CYLND_LLB_PAD3 at (459.6000 254.5000).
    WARNING: Null REGULAR-PAD specified for padstack TM_CYLND_LLB_PAD3 at (459.6000 254.5000).
    WARNING: Null REGULAR-PAD specified for padstack TM_CYLND_LLB_PAD3 at (459.6000 254.5000).
    WARNING: Null REGULAR-PAD specified for padstack TM_CYLND_LLB_PAD4 at (456.4250 254.5000).
    WARNING: Null REGULAR-PAD specified for padstack TM_CYLND_LLB_PAD4 at (456.4250 254.5000).
    WARNING: Null REGULAR-PAD specified for padstack TM_CYLND_LLB_PAD4 at (456.4250 254.5000).
    WARNING: Null REGULAR-PAD specified for padstack TM_CYLND_LLB_PAD4 at (456.4250 254.5000).
    WARNING: Null REGULAR-PAD specified for padstack VIA at (467.3600 224.4090).
    WARNING: Null REGULAR-PAD specified for padstack VIA at (467.3600 224.4090).
    WARNING: Null REGULAR-PAD specified for padstack VIA at (467.3600 224.4090).
    WARNING: Null REGULAR-PAD specified for padstack VIA at (467.3600 224.4090).
    WARNING: Null REGULAR-PAD specified for padstack VIA at (467.9950 227.0760).
    WARNING: Null REGULAR-PAD specified for padstack VIA at (467.9950 227.0760).
    WARNING: Null REGULAR-PAD specified for padstack VIA at (467.9950 227.0760).
    WARNING: Null REGULAR-PAD specified for padstack VIA at (467.9950 227.0760).
    WARNING: Null REGULAR-PAD specified for padstack MICRO_USB_GND at (463.9200 224.7700).
    WARNING: Null REGULAR-PAD specified for padstack MICRO_USB_GND at (463.9200 224.7700).
    WARNING: Null REGULAR-PAD specified for padstack MICRO_USB_GND at (463.9200 224.7700).
    WARNING: Null REGULAR-PAD specified for padstack MICRO_USB_GND at (463.9200 224.7700).
    WARNING: Null REGULAR-PAD specified for padstack MICRO_USB_GND at (463.9200 224.7700).
    WARNING: Null REGULAR-PAD specified for padstack MICRO_USB_ELEC at (463.9200 225.7700).
    WARNING: Null REGULAR-PAD specified for padstack MICRO_USB_ELEC at (463.9200 225.7700).
    WARNING: Null REGULAR-PAD specified for padstack MICRO_USB_ELEC at (463.9200 225.7700).
    WARNING: Null REGULAR-PAD specified for padstack MICRO_USB_ELEC at (463.9200 225.7700).
    WARNING: Null REGULAR-PAD specified for padstack MICRO_USB_ELEC at (463.9200 225.7700).
    WARNING: Null REGULAR-PAD specified for padstack MICRO_USB_ELEC at (463.9200 226.4200).
    WARNING: Null REGULAR-PAD specified for padstack MICRO_USB_ELEC at (463.9200 226.4200).
    WARNING: Null REGULAR-PAD specified for padstack MICRO_USB_ELEC at (463.9200 226.4200).
    WARNING: Null REGULAR-PAD specified for padstack MICRO_USB_ELEC at (463.9200 226.4200).
    WARNING: Null REGULAR-PAD specified for padstack MICRO_USB_ELEC at (463.9200 226.4200).
    WARNING: Null REGULAR-PAD specified for padstack MICRO_USB_ELEC at (463.9200 227.7200).
    WARNING: Null REGULAR-PAD specified for padstack MICRO_USB_ELEC at (463.9200 227.7200).
    WARNING: Null REGULAR-PAD specified for padstack MICRO_USB_ELEC at (463.9200 227.7200).
    WARNING: Null REGULAR-PAD specified for padstack MICRO_USB_ELEC at (463.9200 227.7200).
    WARNING: Null REGULAR-PAD specified for padstack MICRO_USB_ELEC at (463.9200 227.7200).
    WARNING: Null REGULAR-PAD specified for padstack MICRO_USB_ELEC at (463.9200 227.0700).
    WARNING: Null REGULAR-PAD specified for padstack MICRO_USB_ELEC at (463.9200 227.0700).
    WARNING: Null REGULAR-PAD specified for padstack MICRO_USB_ELEC at (463.9200 227.0700).
    WARNING: Null REGULAR-PAD specified for padstack MICRO_USB_ELEC at (463.9200 227.0700).
    WARNING: Null REGULAR-PAD specified for padstack MICRO_USB_ELEC at (463.9200 227.0700).
    WARNING: Null REGULAR-PAD specified for padstack MICRO_USB_MOUNT at (463.9200 221.9450).
    WARNING: Null REGULAR-PAD specified for padstack MICRO_USB_MOUNT at (463.9200 221.9450).
    WARNING: Null REGULAR-PAD specified for padstack MICRO_USB_MOUNT at (463.9200 221.9450).
    WARNING: Null REGULAR-PAD specified for padstack MICRO_USB_MOUNT at (463.9200 221.9450).
    WARNING: Null REGULAR-PAD specified for padstack MICRO_USB_MOUNT at (467.6200 221.9450).
    WARNING: Null REGULAR-PAD specified for padstack MICRO_USB_MOUNT at (467.6200 221.9450).
    WARNING: Null REGULAR-PAD specified for padstack MICRO_USB_MOUNT at (467.6200 221.9450).
    WARNING: Null REGULAR-PAD specified for padstack MICRO_USB_MOUNT at (467.6200 221.9450).
    WARNING: Null REGULAR-PAD specified for padstack MICRO_USB_GND at (463.9200 229.3700).
    WARNING: Null REGULAR-PAD specified for padstack MICRO_USB_GND at (463.9200 229.3700).
    WARNING: Null REGULAR-PAD specified for padstack MICRO_USB_GND at (463.9200 229.3700).
    WARNING: Null REGULAR-PAD specified for padstack MICRO_USB_GND at (463.9200 229.3700).
    WARNING: Null REGULAR-PAD specified for padstack MICRO_USB_GND at (463.9200 229.3700).
    WARNING: Null REGULAR-PAD specified for padstack MICRO_USB_ELEC at (463.9200 228.3700).
    WARNING: Null REGULAR-PAD specified for padstack MICRO_USB_ELEC at (463.9200 228.3700).
    WARNING: Null REGULAR-PAD specified for padstack MICRO_USB_ELEC at (463.9200 228.3700).
    WARNING: Null REGULAR-PAD specified for padstack MICRO_USB_ELEC at (463.9200 228.3700).
    WARNING: Null REGULAR-PAD specified for padstack MICRO_USB_ELEC at (463.9200 228.3700).
    WARNING: Null REGULAR-PAD specified for padstack MICRO_USB_MOUNT at (463.9200 232.1950).
    WARNING: Null REGULAR-PAD specified for padstack MICRO_USB_MOUNT at (463.9200 232.1950).
    WARNING: Null REGULAR-PAD specified for padstack MICRO_USB_MOUNT at (463.9200 232.1950).
    WARNING: Null REGULAR-PAD specified for padstack MICRO_USB_MOUNT at (463.9200 232.1950).
    WARNING: Null REGULAR-PAD specified for padstack MICRO_USB_MOUNT at (467.6200 232.1950).
    WARNING: Null REGULAR-PAD specified for padstack MICRO_USB_MOUNT at (467.6200 232.1950).
    WARNING: Null REGULAR-PAD specified for padstack MICRO_USB_MOUNT at (467.6200 232.1950).
    WARNING: Null REGULAR-PAD specified for padstack MICRO_USB_MOUNT at (467.6200 232.1950).
    WARNING: Null REGULAR-PAD specified for padstack SM_LLB_PAD23_1 at (470.8000 235.9328).
    WARNING: Null REGULAR-PAD specified for padstack SM_LLB_PAD23_1 at (470.8000 235.9328).
    WARNING: Null REGULAR-PAD specified for padstack SM_LLB_PAD23_1 at (470.8000 235.9328).
    WARNING: Null REGULAR-PAD specified for padstack SM_LLB_PAD23_1 at (470.8000 235.9328).
    WARNING: Null REGULAR-PAD specified for padstack SM_LLB_PAD23_1 at (470.8000 235.9328).
    WARNING: Null REGULAR-PAD specified for padstack SM_LLB_PAD22_1 at (470.8000 240.2000).
    WARNING: Null REGULAR-PAD specified for padstack SM_LLB_PAD22_1 at (470.8000 240.2000).
    WARNING: Null REGULAR-PAD specified for padstack SM_LLB_PAD22_1 at (470.8000 240.2000).
    WARNING: Null REGULAR-PAD specified for padstack SM_LLB_PAD22_1 at (470.8000 240.2000).
    WARNING: Null REGULAR-PAD specified for padstack SM_LLB_PAD22_1 at (470.8000 240.2000).
    WARNING: Null REGULAR-PAD specified for padstack SM_LLB_PAD23_1 at (468.1728 245.1100).
    WARNING: Null REGULAR-PAD specified for padstack SM_LLB_PAD23_1 at (468.1728 245.1100).
    WARNING: Null REGULAR-PAD specified for padstack SM_LLB_PAD23_1 at (468.1728 245.1100).
    WARNING: Null REGULAR-PAD specified for padstack SM_LLB_PAD23_1 at (468.1728 245.1100).
    WARNING: Null REGULAR-PAD specified for padstack SM_LLB_PAD23_1 at (468.1728 245.1100).
    WARNING: Null REGULAR-PAD specified for padstack VIA at (467.9950 251.4600).
    WARNING: Null REGULAR-PAD specified for padstack VIA at (467.9950 251.4600).
    WARNING: Null REGULAR-PAD specified for padstack VIA at (467.9950 251.4600).
    WARNING: Null REGULAR-PAD specified for padstack VIA at (467.9950 251.4600).
    WARNING: Null REGULAR-PAD specified for padstack SM_LLB_PAD22_1 at (463.5500 254.6350).
    WARNING: Null REGULAR-PAD specified for padstack SM_LLB_PAD22_1 at (463.5500 254.6350).
    WARNING: Null REGULAR-PAD specified for padstack SM_LLB_PAD22_1 at (463.5500 254.6350).
    WARNING: Null REGULAR-PAD specified for padstack SM_LLB_PAD22_1 at (463.5500 254.6350).
    WARNING: Null REGULAR-PAD specified for padstack SM_LLB_PAD22_1 at (463.5500 254.6350).
    WARNING: Null REGULAR-PAD specified for padstack SM_LLB_PAD23_1 at (467.8172 254.6350).
    WARNING: Null REGULAR-PAD specified for padstack SM_LLB_PAD23_1 at (467.8172 254.6350).
    WARNING: Null REGULAR-PAD specified for padstack SM_LLB_PAD23_1 at (467.8172 254.6350).
    WARNING: Null REGULAR-PAD specified for padstack SM_LLB_PAD23_1 at (467.8172 254.6350).
    WARNING: Null REGULAR-PAD specified for padstack SM_LLB_PAD23_1 at (467.8172 254.6350).
    WARNING: Null REGULAR-PAD specified for padstack PAD125 at (472.5000 221.7000).
    WARNING: Null REGULAR-PAD specified for padstack PAD125 at (472.5000 221.7000).
    WARNING: Null REGULAR-PAD specified for padstack PAD125 at (472.5000 221.7000).
    WARNING: Null REGULAR-PAD specified for padstack PAD125 at (472.5000 221.7000).
    WARNING: Null REGULAR-PAD specified for padstack SM_LLB_PAD22_1 at (472.4400 245.1100).
    WARNING: Null REGULAR-PAD specified for padstack SM_LLB_PAD22_1 at (472.4400 245.1100).
    WARNING: Null REGULAR-PAD specified for padstack SM_LLB_PAD22_1 at (472.4400 245.1100).
    WARNING: Null REGULAR-PAD specified for padstack SM_LLB_PAD22_1 at (472.4400 245.1100).
    WARNING: Null REGULAR-PAD specified for padstack SM_LLB_PAD22_1 at (472.4400 245.1100).
    WARNING: Null REGULAR-PAD specified for padstack PAD125 at (472.6000 255.0000).
    WARNING: Null REGULAR-PAD specified for padstack PAD125 at (472.6000 255.0000).
    WARNING: Null REGULAR-PAD specified for padstack PAD125 at (472.6000 255.0000).
    WARNING: Null REGULAR-PAD specified for padstack PAD125 at (472.6000 255.0000).
    WARNING: rectangle or unfilled shape composed 0 width line found at (368.3000 215.9000)
           ... ignored.

    WARNING: 0 width line found at (368.3000 263.4000)
           ... ignored.

    WARNING: Multiple 0 width lines; all will be treated the same as the first.
           ... ignored.

    WARNING: rectangle or unfilled shape having Multiple 0 width lines; all will be treated the same as the first.
           ... ignored.



  APERTURES USED:
  ---------------------------------------------------------
  TYPE       SIZE/NAME                   ROT   MIRROR MODE 
  ---------------------------------------------------------
  CIRCLE     0.15240                                  DARK 
  CIRCLE     0.20300                                  DARK 
  CIRCLE     0.25400                                  DARK 
  CIRCLE     0.38100                                  DARK 
  CIRCLE     0.61010                                  DARK 
  CIRCLE     0.63500                                  DARK 
  CIRCLE     1.11810                                  DARK 
  CIRCLE     1.32110                                  DARK 
  CIRCLE     1.57510                                  DARK 
  CIRCLE     3.68300                                  DARK 
  SQUARE     1.32110                     0.000 NO     DARK 
  SQUARE     1.57510                     0.000 NO     DARK 
  RECTANGLE  0.40000     x 1.70000      90.000 NO     DARK 
  RECTANGLE  1.10010     x 1.70000      90.000 NO     DARK 
  RECTANGLE  1.77800     x 0.45690       0.000 NO     DARK 
  RECTANGLE  1.77800     x 0.45690      90.000 NO     DARK 
  RECTANGLE  2.84480     x 1.49860       0.000 NO     DARK 
  RECTANGLE  2.84480     x 1.49860      90.000 NO     DARK 
  OBLONG     1.19990     x 1.89990      90.000 NO     DARK 
  OBLONG     1.77800     x 0.45690       0.000 NO     DARK 
  OBLONG     1.77800     x 0.45690      90.000 NO     DARK 

     Design created with warnings


================================================================
     PROCESSING FILM < BOTTOM >
     TO FILE < C:/Users/user/Desktop/신성욱 교수님/exam/avrusb500/allegro/gerber/BOTTOM.art > ...
================================================================

  FILM PARAMETERS :
  ---------------------------------------------------------
  Undefined line width                0.0000
  Suppress shape fill on neg film     NO
  Mirror code                         NONE
  Rotate angle                        NONE
  Offset x:                           0.0000
  Offset y:                           0.0000
  Plot negative                       NO
  Suppress unconnected internal pads  NO
  Draw holes only                     NO



  APERTURES USED:
  ---------------------------------------------------------
  TYPE       SIZE/NAME                   ROT   MIRROR MODE 
  ---------------------------------------------------------
  CIRCLE     0.25400                                  DARK 
  CIRCLE     0.38100                                  DARK 
  CIRCLE     0.61010                                  DARK 
  CIRCLE     0.63500                                  DARK 
  CIRCLE     1.32110                                  DARK 
  CIRCLE     1.57510                                  DARK 
  SQUARE     1.32110                     0.000 NO     DARK 
  SQUARE     1.57510                     0.000 NO     DARK 
  OBLONG     1.19990     x 1.89990      90.000 NO     DARK 

     BOTTOM created.


================================================================
     PROCESSING FILM < TOP >
     TO FILE < C:/Users/user/Desktop/신성욱 교수님/exam/avrusb500/allegro/gerber/TOP.art > ...
================================================================

  FILM PARAMETERS :
  ---------------------------------------------------------
  Undefined line width                0.0000
  Suppress shape fill on neg film     NO
  Mirror code                         NONE
  Rotate angle                        NONE
  Offset x:                           0.0000
  Offset y:                           0.0000
  Plot negative                       NO
  Suppress unconnected internal pads  NO
  Draw holes only                     NO



  APERTURES USED:
  ---------------------------------------------------------
  TYPE       SIZE/NAME                   ROT   MIRROR MODE 
  ---------------------------------------------------------
  CIRCLE     0.25400                                  DARK 
  CIRCLE     0.38100                                  DARK 
  CIRCLE     0.61010                                  DARK 
  CIRCLE     0.63500                                  DARK 
  CIRCLE     1.32110                                  DARK 
  CIRCLE     1.57510                                  DARK 
  SQUARE     1.32110                     0.000 NO     DARK 
  SQUARE     1.57510                     0.000 NO     DARK 
  RECTANGLE  0.40000     x 1.70000      90.000 NO     DARK 
  RECTANGLE  1.10010     x 1.70000      90.000 NO     DARK 
  RECTANGLE  1.77800     x 0.45690       0.000 NO     DARK 
  RECTANGLE  1.77800     x 0.45690      90.000 NO     DARK 
  RECTANGLE  2.84480     x 1.49860       0.000 NO     DARK 
  RECTANGLE  2.84480     x 1.49860      90.000 NO     DARK 
  OBLONG     1.19990     x 1.89990      90.000 NO     DARK 
  OBLONG     1.77800     x 0.45690       0.000 NO     DARK 
  OBLONG     1.77800     x 0.45690      90.000 NO     DARK 

     TOP created.


================================================================
     PROCESSING FILM < DrillDraw >
     TO FILE < C:/Users/user/Desktop/신성욱 교수님/exam/avrusb500/allegro/gerber/DrillDraw.art > ...
================================================================

  FILM PARAMETERS :
  ---------------------------------------------------------
  Undefined line width                0.0000
  Mirror code                         NONE
  Rotate angle                        NONE
  Offset x:                           0.0000
  Offset y:                           0.0000
  Plot negative                       NO
  Suppress unconnected internal pads  NO
  Draw holes only                     NO



  APERTURES USED:  NONE
     DrillDraw created.


------------------------------------------------------
 SUMMARY:
        AutoSilkT created with warnings
        AutoSilkB created.
        MetalB created.
        MetalT created.
        SolderB created.
        SolderT created.
        SilkB created.
        SilkT created.
        Design created with warnings
        BOTTOM created.
        TOP created.
        DrillDraw created.

 ARTWORK had warnings
