(---------------------------------------------------------------------)
(                                                                     )
(    QUICKPLACE LOG                                                   )
(                                                                     )
(    Drawing          : AVRUSB500.brd                                 )
(    Software Version : 17.2P028                                      )
(    Date/Time        : Mon Jul 29 10:56:09 2019                      )
(                                                                     )
(---------------------------------------------------------------------)


State: Placing on layer TOP

         Placed symbol:  IC2 / ATMEGA8-DIL28_1_QUAD80M32WG900_ / QUAD80M32WG900 at (371.2720 282.4240)
         Placed symbol:  J5 / CON5_BLKCON100VHTM1SQSW1005_AVR / BLKCON100VHTM1SQSW1005 at (381.3430 282.5260)
         Placed symbol:  J6 / CON5_BLKCON100VHTM1SQSW1005_FIR / BLKCON100VHTM1SQSW1005 at (394.7550 282.5260)
         Placed symbol:  R19 / R_AX400X100031_220_SML2015 / AX400X100031 at (407.7090 282.5260)
         Placed symbol:  R21 / R_AX400X100031_220_SML2015 / AX400X100031 at (420.2050 282.5260)
         Placed symbol:  C12 / CAPACITOR NON-POL_CPCYL1D225L_2 / CPCYL1D225LS100031 at (433.3490 284.1130)
         Placed symbol:  R17 / R_AX400X100031_470_SML2015 / AX400X100031 at (438.8730 282.5260)
         Placed symbol:  R20 / R_AX400X100031_1K_SML2015 / AX400X100031 at (451.3690 282.5260)
         Placed symbol:  D2 / LED_CYLD250LS125031_LED_ / CYLD250LS125031 at (464.5130 284.4310)
         Placed symbol:  R16 / R_AX400X100031_10K_SML2015 / AX400X100031 at (369.5950 293.8160)
         Placed symbol:  C11 / CAPACITOR NON-POL_CPCYL1D225L_2 / CPCYL1D225LS100031 at (382.7390 295.4030)
         Placed symbol:  R18 / R_AX400X100031_1K_SML2015 / AX400X100031 at (388.2630 293.8160)
         Placed symbol:  Y3 / ZTA_RAD450X200LS300031_3.6864MH / RAD450X200LS300031 at (401.7250 295.0860)


Placed 13 of 13 applicable (13 total) symbols.

-----------------------------------------------------------------------

